#
# A fatal error has been detected by the Java Runtime Environment:
#
#  EXCEPTION_ACCESS_VIOLATION (0xc0000005) at pc=0x00007ff8d1913004, pid=40196, tid=31456
#
# JRE version: OpenJDK Runtime Environment (24.0.1+9) (build 24.0.1+9-30)
# Java VM: OpenJDK 64-Bit Server VM (24.0.1+9-30, mixed mode, emulated-client, sharing, tiered, compressed oops, compressed class ptrs, g1 gc, windows-amd64)
# Problematic frame:
# C  [libasyncProfiler.dll+0x93004]
#
# No core dump will be written. Minidumps are not enabled by default on client versions of Windows
#
# JFR recording file will be written. Location: C:\Users\1thea\IdeaProjects\proyectoEOIgrupo02\hs_err_pid40196.jfr
#
# If you would like to submit a bug report, please visit:
#   https://bugreport.java.com/bugreport/crash.jsp
# The crash happened outside the Java Virtual Machine in native code.
# See problematic frame for where to report the bug.
#

---------------  S U M M A R Y ------------

Command Line: --enable-preview -XX:TieredStopAtLevel=1 -Dspring.profiles.active=local -Dspring.output.ansi.enabled=always -Dcom.sun.management.jmxremote -Dspring.jmx.enabled=true -Dspring.liveBeansView.mbeanDomain -Dspring.application.admin.enabled=true -Dmanagement.endpoints.jmx.exposure.include=* -javaagent:C:\Program Files\JetBrains\IntelliJ IDEA 2024.3.2.2\lib\idea_rt.jar=63123:C:\Program Files\JetBrains\IntelliJ IDEA 2024.3.2.2\bin -agentpath:C:\Users\1thea\AppData\Local\Temp\idea_libasyncProfiler_dll_temp_folder\libasyncProfiler.dll=start,jfr,event=wall,interval=10ms,jfrsync=profile,cstack=no,file=C:\Users\1thea\IdeaSnapshots\AplicaciónEnLocal_2025_06_11_201441.jfr,dbghelppath=C:\Users\1thea\AppData\Local\Temp\idea_dbghelp_dll_temp_folder\dbghelp.dll,log=C:\Users\1thea\AppData\Local\Temp\AplicaciónEnLocal_2025_06_11_201441.jfr.log.txt,logLevel=DEBUG -Dfile.encoding=UTF-8 -Dsun.stdout.encoding=UTF-8 -Dsun.stderr.encoding=UTF-8 com.grupo01.java6.faal.Application

Host: AMD Ryzen 7 5800H with Radeon Graphics         , 16 cores, 15G,  Windows 11 , 64 bit Build 26100 (10.0.26100.3912)
Time: Wed Jun 11 20:14:42 2025 Hora de verano romance elapsed time: 1.035205 seconds (0d 0h 0m 1s)

---------------  T H R E A D  ---------------

Current thread (0x0000019441040880):  JavaThread "main"             [_thread_in_native, id=31456, stack(0x00000083bf600000,0x00000083bf700000) (1024K)]

Stack: [0x00000083bf600000,0x00000083bf700000],  sp=0x00000083bf6fe530,  free space=1017k
Native frames: (J=compiled Java code, j=interpreted, Vv=VM code, C=native code)
C  [libasyncProfiler.dll+0x93004]  (no source info available)
C  [libasyncProfiler.dll+0x934db]  (no source info available)
C  [libasyncProfiler.dll+0x92134]  (no source info available)
C  [libasyncProfiler.dll+0x929aa]  (no source info available)
C  [libasyncProfiler.dll+0x8d561]  (no source info available)
C  [libasyncProfiler.dll+0x7ef21]  (no source info available)
C  [libasyncProfiler.dll+0x7dc38]  (no source info available)
C  [libasyncProfiler.dll+0x7db20]  (no source info available)
C  [libasyncProfiler.dll+0x83c3c]  (no source info available)
V  [jvm.dll+0x5e38de]  (no source info available)
V  [jvm.dll+0x886056]  (no source info available)
V  [jvm.dll+0x495f3e]  (no source info available)
V  [jvm.dll+0x497d11]  (no source info available)
C  [jli.dll+0x52a1]  (no source info available)
C  [ucrtbase.dll+0x37b0]  (no source info available)
C  [KERNEL32.DLL+0x2e8d7]  (no source info available)
C  [ntdll.dll+0x9c5dc]  (no source info available)


siginfo: EXCEPTION_ACCESS_VIOLATION (0xc0000005), reading address 0xffffffffffffffff


Registers:
RAX=0x0000000000000010, RBX=0x0000000000000000, RCX=0xffffffffffffffff, RDX=0x007ff8946b300010
RSP=0x00000083bf6fe530, RBP=0x0000019497a7fe20, RSI=0x00000083bf6fe6a0, RDI=0x0000019497a7fe20
R8 =0x0000000000000042, R9 =0x0000000719a01ed8, R10=0x00007ff894929fb0, R11=0x0000000000000002
R12=0x00000083bf6fe6a0, R13=0x000001943f021d50, R14=0x0000019441040c48, R15=0x0000019441040c48
RIP=0x00007ff8d1913004, EFLAGS=0x0000000000010202

XMM[0]=0x0000000000000000 0x0000000000000000
XMM[1]=0x0000000000000000 0x0000000000000000
XMM[2]=0x0000000000000000 0x0000000000000000
XMM[3]=0x0000000000000000 0x0000000000000000
XMM[4]=0x0000000000000000 0x0000000000000000
XMM[5]=0x0000000000000000 0x0000000000000000
XMM[6]=0x0000000000000000 0x0000000000000000
XMM[7]=0x0000000000000000 0x0000000000000000
XMM[8]=0x0000000000000000 0x0000000000000000
XMM[9]=0x0000000000000000 0x0000000000000000
XMM[10]=0x0000000000000000 0x0000000000000000
XMM[11]=0x0000000000000000 0x0000000000000000
XMM[12]=0x0000000000000000 0x0000000000000000
XMM[13]=0x0000000000000000 0x0000000000000000
XMM[14]=0x0000000000000000 0x0000000000000000
XMM[15]=0x0000000000000000 0x0000000000000000
  MXCSR=0x00001fa0


Register to memory mapping:

RAX=0x0000000000000010 is an unknown value
RBX=0x0 is null
RCX=0xffffffffffffffff is an unknown value
RDX=0x007ff8946b300010 is an unknown value
RSP=0x00000083bf6fe530 is pointing into the stack for thread: 0x0000019441040880
RBP=0x0000019497a7fe20 points into unknown readable memory: 0x0000000719a01ed8 | d8 1e a0 19 07 00 00 00
RSI=0x00000083bf6fe6a0 is pointing into the stack for thread: 0x0000019441040880
RDI=0x0000019497a7fe20 points into unknown readable memory: 0x0000000719a01ed8 | d8 1e a0 19 07 00 00 00
R8 =0x0000000000000042 is an unknown value
R9 =0x0000000719a01ed8 is an oop: java.lang.Thread 
{0x0000000719a01ed8} - klass: 'java/lang/Thread' - flags: 

 - ---- fields (total size 14 words):
 - 'threadLocalRandomProbe' 'I' @12  0 (0x00000000)
 - private volatile 'eetop' 'J' @16  1736257570944 (0x0000019441040880)
 - private final 'tid' 'J' @24  3 (0x0000000000000003)
 - 'threadLocalRandomSeed' 'J' @32  0 (0x0000000000000000)
 - injected 'jvmti_thread_state' 'J' @40  1737702644848 (0x0000019497261c70)
 - 'threadLocalRandomSecondarySeed' 'I' @48  0 (0x00000000)
 - injected 'jvmti_VTMS_transition_disable_count' 'I' @52  0 (0x00000000)
 - injected 'jfr_epoch' 'S' @56  0 (0x0000)
 - volatile 'interrupted' 'Z' @58  false (0x00)
 - injected 'jvmti_is_in_VTMS_transition' 'Z' @59  false (0x00)
 - private volatile 'name' 'Ljava/lang/String;' @60  "main"{0x0000000719a01f48} (0xe33403e9)
 - private volatile 'contextClassLoader' 'Ljava/lang/ClassLoader;' @64  a 'jdk/internal/loader/ClassLoaders$AppClassLoader'{0x0000000719a64e30} (0xe334c9c6)
 - private final 'holder' 'Ljava/lang/Thread$FieldHolder;' @68  a 'java/lang/Thread$FieldHolder'{0x0000000719a01f88} (0xe33403f1)
 - 'threadLocals' 'Ljava/lang/ThreadLocal$ThreadLocalMap;' @72  a 'java/lang/ThreadLocal$ThreadLocalMap'{0x00000007199823d0} (0xe333047a)
 - 'inheritableThreadLocals' 'Ljava/lang/ThreadLocal$ThreadLocalMap;' @76  null (0x00000000)
 - private 'scopedValueBindings' 'Ljava/lang/Object;' @80  a 'java/lang/Class'{0x00000007ffe7c258} = 'java/lang/Thread' (0xfffcf84b)
 - final 'interruptLock' 'Ljava/lang/Object;' @84  a 'java/lang/Object'{0x0000000719a01f78} (0xe33403ef)
 - private volatile 'parkBlocker' 'Ljava/lang/Object;' @88  null (0x00000000)
 - private 'nioBlocker' 'Lsun/nio/ch/Interruptible;' @92  null (0x00000000)
 - private 'cont' 'Ljdk/internal/vm/Continuation;' @96  null (0x00000000)
 - private volatile 'uncaughtExceptionHandler' 'Ljava/lang/Thread$UncaughtExceptionHandler;' @100  null (0x00000000)
 - private 'container' 'Ljdk/internal/vm/ThreadContainer;' @104  null (0x00000000)
 - private volatile 'headStackableScopes' 'Ljdk/internal/vm/StackableScope;' @108  null (0x00000000)
R10=0x00007ff894929fb0 jvm.dll
R11=0x0000000000000002 is an unknown value
R12=0x00000083bf6fe6a0 is pointing into the stack for thread: 0x0000019441040880
R13=0x000001943f021d50 points into unknown readable memory: 0x00007ff89489a510 | 10 a5 89 94 f8 7f 00 00
R14=0x0000019441040c48 points into unknown readable memory: 0x00007ff8948917b0 | b0 17 89 94 f8 7f 00 00
R15=0x0000019441040c48 points into unknown readable memory: 0x00007ff8948917b0 | b0 17 89 94 f8 7f 00 00

Top of Stack: (sp=0x00000083bf6fe530)
0x00000083bf6fe530:   00000083bf6fe6a0 0000019497a7fe20   ..o..... .......
0x00000083bf6fe540:   0000000000000000 0000019441040fd0   ...........A....
0x00000083bf6fe550:   000000000000001a 00007ff8d19134db   .........4......
0x00000083bf6fe560:   0000000000000000 0000019441040c48   ........H..A....
0x00000083bf6fe570:   00000083bf6fe601 0000000000000000   ..o.............
0x00000083bf6fe580:   000001949cf704d0 00007ff8d1912134   ........4!......
0x00000083bf6fe590:   0000000000000000 000000000000001a   ................
0x00000083bf6fe5a0:   0000000000000000 000000000000001a   ................
0x00000083bf6fe5b0:   0000000900000003 000001949cf81e70   ........p.......
0x00000083bf6fe5c0:   000001949cf704d0 000001949cf70538   ........8.......
0x00000083bf6fe5d0:   000001949cf70540 0000019400002470   @.......p$......
0x00000083bf6fe5e0:   0000000000000000 0000000000000000   ................
0x00000083bf6fe5f0:   0000000000000000 00007ff8940f57d4   .........W......
0x00000083bf6fe600:   00007ff8d1a6ae00 0000000000009d04   ................
0x00000083bf6fe610:   00007ff8d1a6ae00 00000000ffffffff   ................
0x00000083bf6fe620:   0000000000000000 00007ff8d19129aa   .........)......
0x00000083bf6fe630:   0000019441040c48 0000000000000000   H..A............
0x00000083bf6fe640:   00000083bf6fe6a9 000001943f021d50   ..o.....P..?....
0x00000083bf6fe650:   00000194000021b4 0000000000000000   .!..............
0x00000083bf6fe660:   0000000000000000 00007ff955ac9fc9   ...........U....
0x00000083bf6fe670:   0000019441040c48 00007ff8d1a6ae00   H..A............
0x00000083bf6fe680:   0000000000000000 00007ff8d19abc53   ........S.......
0x00000083bf6fe690:   0000000000000000 0000019441040c48   ........H..A....
0x00000083bf6fe6a0:   000001949d624280 000001949d6245c0   .Bb......Eb.....
0x00000083bf6fe6b0:   000001949d6245c0 00007ff8d1a6ae00   .Eb.............
0x00000083bf6fe6c0:   00000194414ab368 00000083bf6fe838   h.JA....8.o.....
0x00000083bf6fe6d0:   00000083bf6fe970 0000000000008840   p.o.....@.......
0x00000083bf6fe6e0:   00007ff8d1a5d080 00007ff8d1a6ae50   ........P.......
0x00000083bf6fe6f0:   0000000000989680 0000000000989680   ................
0x00000083bf6fe700:   00000083bf6fe810 00007ff8d190d561   ..o.....a.......
0x00000083bf6fe710:   00007ff8d1a6ae00 00007ff8d1a6ae58   ........X.......
0x00000083bf6fe720:   00007ff800000000 003d618a00000001   .............a=.

Instructions: (pc=0x00007ff8d1913004)
  0x00007ff8d1912f04:   cc cc cc cc cc cc cc cc cc cc cc cc cc cc cc cc
  0x00007ff8d1912f14:   cc cc cc cc cc cc cc cc cc cc cc cc cc cc cc cc
  0x00007ff8d1912f24:   cc cc cc cc cc cc cc cc cc cc cc cc cc cc cc cc
  0x00007ff8d1912f34:   cc cc cc cc cc cc cc cc cc cc cc cc cc cc cc cc
  0x00007ff8d1912f44:   cc cc cc cc cc cc cc cc cc cc cc cc cc cc cc cc
  0x00007ff8d1912f54:   cc cc cc cc cc cc cc cc cc cc cc cc cc cc cc cc
  0x00007ff8d1912f64:   cc cc cc cc cc cc cc cc cc cc cc cc cc cc cc cc
  0x00007ff8d1912f74:   cc cc cc cc cc cc cc cc cc cc cc cc cc cc cc cc
  0x00007ff8d1912f84:   cc cc cc cc cc cc cc cc cc cc cc cc 40 57 48 83
  0x00007ff8d1912f94:   ec 20 48 8b f9 48 8b 0d 30 80 15 00 48 85 c9 74
  0x00007ff8d1912fa4:   20 48 8b 01 48 8d 54 24 38 41 b8 06 00 01 00 4c
  0x00007ff8d1912fb4:   8b 48 30 41 ff d1 85 c0 75 07 48 8b 4c 24 38 eb
  0x00007ff8d1912fc4:   02 33 c9 4c 8b 05 0a 81 15 00 48 89 5c 24 30 4d
  0x00007ff8d1912fd4:   85 c0 74 4a 48 8b 01 48 8b d7 4c 8b 88 28 03 00
  0x00007ff8d1912fe4:   00 41 ff d1 48 85 c0 74 35 48 63 0d b8 3d 15 00
  0x00007ff8d1912ff4:   48 8b 14 01 48 85 d2 74 15 48 63 05 bc 3d 15 00
=>0x00007ff8d1913004:   8b 04 10 48 8b 5c 24 30 48 83 c4 20 5f c3 b8 ff
  0x00007ff8d1913014:   ff ff ff 48 8b 5c 24 30 48 83 c4 20 5f c3 80 3d
  0x00007ff8d1913024:   bb 7f 15 00 00 bb ff ff ff ff 74 20 4c 8b 0d 51
  0x00007ff8d1913034:   7c 15 00 4c 8d 44 24 38 48 8b 0d 35 7c 15 00 48
  0x00007ff8d1913044:   8b d7 41 ff d1 85 c0 0f 44 5c 24 38 8b c3 48 8b
  0x00007ff8d1913054:   5c 24 30 48 83 c4 20 5f c3 cc cc cc cc cc cc cc
  0x00007ff8d1913064:   cc cc cc cc cc cc cc cc cc cc cc cc cc cc cc cc
  0x00007ff8d1913074:   cc cc cc cc cc cc cc cc cc cc cc cc cc cc cc cc
  0x00007ff8d1913084:   cc cc cc cc cc cc cc cc cc cc cc cc 48 89 54 24
  0x00007ff8d1913094:   10 53 55 56 57 41 56 41 57 48 83 ec 28 48 8b f2
  0x00007ff8d19130a4:   4c 8b f1 48 89 4c 24 78 45 33 ff 44 89 7c 24 68
  0x00007ff8d19130b4:   c7 44 24 60 01 00 00 00 48 8d 4c 24 68 e8 69 3c
  0x00007ff8d19130c4:   f7 ff 8b d8 48 8d 4c 24 60 e8 5d 3c f7 ff 8b e8
  0x00007ff8d19130d4:   49 8b ce e8 33 f3 f6 ff 48 8b f8 90 8b c3 f0 0f
  0x00007ff8d19130e4:   b1 2f 74 04 f3 90 eb f4 4c 89 3e 4c 89 7e 08 4c
  0x00007ff8d19130f4:   89 7e 10 49 8b 6e 08 4d 8b 76 10 49 3b ee 0f 84


Stack slot to memory mapping:

stack at sp + 0 slots: 0x00000083bf6fe6a0 is pointing into the stack for thread: 0x0000019441040880
stack at sp + 1 slots: 0x0000019497a7fe20 points into unknown readable memory: 0x0000000719a01ed8 | d8 1e a0 19 07 00 00 00
stack at sp + 2 slots: 0x0 is null
stack at sp + 3 slots: 0x0000019441040fd0 points into unknown readable memory: 0x6e616c2e6176616a | 6a 61 76 61 2e 6c 61 6e
stack at sp + 4 slots: 0x000000000000001a is an unknown value
stack at sp + 5 slots: 0x00007ff8d19134db libasyncProfiler.dll
stack at sp + 6 slots: 0x0 is null
stack at sp + 7 slots: 0x0000019441040c48 points into unknown readable memory: 0x00007ff8948917b0 | b0 17 89 94 f8 7f 00 00

Lock stack of current Java thread (top to bottom):


---------------  P R O C E S S  ---------------

Threads class SMR info:
_java_thread_list=0x000001949d61b170, length=15, elements={
0x0000019441040880, 0x00000194971284f0, 0x000001949712ac40, 0x0000019497133d90,
0x0000019497137770, 0x0000019497137020, 0x0000019497136180, 0x0000019497145390,
0x00000194971a1b00, 0x00000194971a31b0, 0x00000194971a40d0, 0x00000194971368d0,
0x00000194971352e0, 0x0000019497135a30, 0x0000019497134b90
}

Java Threads: ( => current thread )
=>0x0000019441040880 JavaThread "main"                              [_thread_in_native, id=31456, stack(0x00000083bf600000,0x00000083bf700000) (1024K)]
  0x00000194971284f0 JavaThread "Reference Handler"          daemon [_thread_blocked, id=37328, stack(0x00000083bfe00000,0x00000083bff00000) (1024K)]
  0x000001949712ac40 JavaThread "Finalizer"                  daemon [_thread_blocked, id=35348, stack(0x00000083bff00000,0x00000083c0000000) (1024K)]
  0x0000019497133d90 JavaThread "Signal Dispatcher"          daemon [_thread_blocked, id=36672, stack(0x00000083c0000000,0x00000083c0100000) (1024K)]
  0x0000019497137770 JavaThread "Attach Listener"            daemon [_thread_blocked, id=26020, stack(0x00000083c0100000,0x00000083c0200000) (1024K)]
  0x0000019497137020 JavaThread "Service Thread"             daemon [_thread_blocked, id=9672, stack(0x00000083c0200000,0x00000083c0300000) (1024K)]
  0x0000019497136180 JavaThread "Monitor Deflation Thread"   daemon [_thread_blocked, id=29416, stack(0x00000083c0300000,0x00000083c0400000) (1024K)]
  0x0000019497145390 JavaThread "C1 CompilerThread0"         daemon [_thread_blocked, id=32588, stack(0x00000083c0400000,0x00000083c0500000) (1024K)]
  0x00000194971a1b00 JavaThread "C1 CompilerThread1"         daemon [_thread_blocked, id=39292, stack(0x00000083c0500000,0x00000083c0600000) (1024K)]
  0x00000194971a31b0 JavaThread "C1 CompilerThread2"         daemon [_thread_blocked, id=21252, stack(0x00000083c0600000,0x00000083c0700000) (1024K)]
  0x00000194971a40d0 JavaThread "C1 CompilerThread3"         daemon [_thread_blocked, id=21512, stack(0x00000083c0700000,0x00000083c0800000) (1024K)]
  0x00000194971368d0 JavaThread "Common-Cleaner"             daemon [_thread_blocked, id=30304, stack(0x00000083c0800000,0x00000083c0900000) (1024K)]
  0x00000194971352e0 JavaThread "Monitor Ctrl-Break"         daemon [_thread_in_native, id=28736, stack(0x00000083c0900000,0x00000083c0a00000) (1024K)]
  0x0000019497135a30 JavaThread "JFR Recorder Thread"        daemon [_thread_in_native, id=13268, stack(0x00000083c0a00000,0x00000083c0b00000) (1024K)]
  0x0000019497134b90 JavaThread "JFR Periodic Tasks"         daemon [_thread_blocked, id=9328, stack(0x00000083c0b00000,0x00000083c0c00000) (1024K)]
Total: 15

Other Threads:
  0x00000194411b4d60 VMThread "VM Thread"                           [id=32364, stack(0x00000083bfd00000,0x00000083bfe00000) (1024K)]
  0x00000194411a2000 WatcherThread "VM Periodic Task Thread"        [id=12596, stack(0x00000083bfc00000,0x00000083bfd00000) (1024K)]
  0x00000194410a8e20 WorkerThread "GC Thread#0"                     [id=32268, stack(0x00000083bf700000,0x00000083bf800000) (1024K)]
  0x00000194410d8620 ConcurrentGCThread "G1 Main Marker"            [id=7124, stack(0x00000083bf800000,0x00000083bf900000) (1024K)]
  0x00000194410d97e0 WorkerThread "G1 Conc#0"                       [id=3548, stack(0x00000083bf900000,0x00000083bfa00000) (1024K)]
  0x00000194411935c0 ConcurrentGCThread "G1 Refine#0"               [id=34308, stack(0x00000083bfa00000,0x00000083bfb00000) (1024K)]
  0x0000019441196e10 ConcurrentGCThread "G1 Service"                [id=18028, stack(0x00000083bfb00000,0x00000083bfc00000) (1024K)]
Total: 7

Threads with active compile tasks:
Total: 0

VM state: not at safepoint (normal execution)

VM Mutex/Monitor currently owned by a thread: None

Heap address: 0x000000070a600000, size: 3930 MB, Compressed Oops mode: Zero based, Oop shift amount: 3

CDS archive(s) mapped at: [0x0000019456000000-0x0000019456d40000-0x0000019456d40000), size 13893632, SharedBaseAddress: 0x0000019456000000, ArchiveRelocationMode: 1.
Compressed class space mapped at: 0x0000019457000000-0x0000019497000000, reserved size: 1073741824
UseCompressedClassPointers 1, UseCompactObjectHeaders 0
Narrow klass pointer bits 32, Max shift 3
Narrow klass base: 0x0000019456000000, Narrow klass shift: 0
Encoding Range: [0x0000019456000000 - 0x0000019556000000), (4294967296 bytes)
Klass Range:    [0x0000019456000000 - 0x0000019497000000), (1090519040 bytes)
Klass ID Range:  [8 - 1090519033) (1090519025)

GC Precious Log:
 CardTable entry size: 512
 Card Set container configuration: InlinePtr #cards 4 size 8 Array Of Cards #cards 16 size 48 Howl #buckets 8 coarsen threshold 3686 Howl Bitmap #cards 512 size 80 coarsen threshold 460 Card regions per heap region 1 cards per card region 4096
 CPUs: 16 total, 16 available
 Memory: 15713M
 Large Page Support: Disabled
 NUMA Support: Disabled
 Compressed Oops: Enabled (Zero based)
 Heap Region Size: 2M
 Heap Min Capacity: 8M
 Heap Initial Capacity: 246M
 Heap Max Capacity: 3930M
 Pre-touch: Disabled
 Parallel Workers: 13
 Concurrent Workers: 3
 Concurrent Refinement Workers: 13
 Periodic GC: Disabled

Heap:
 garbage-first heap   total reserved 4024320K, committed 253952K, used 31856K [0x000000070a600000, 0x0000000800000000)
  region size 2048K, 17 young (34816K), 0 survivors (0K)
 Metaspace       used 2754K, committed 2944K, reserved 1114112K
  class space    used 308K, committed 384K, reserved 1048576K

Heap Regions: E=young(eden), S=young(survivor), O=old, HS=humongous(starts), HC=humongous(continues), CS=collection set, F=free, TAMS=top-at-mark-start, PB=parsable bottom
|   0|0x000000070a600000, 0x000000070a600000, 0x000000070a800000|  0%| F|  |TAMS 0x000000070a600000| PB 0x000000070a600000| Untracked |  0
|   1|0x000000070a800000, 0x000000070a800000, 0x000000070aa00000|  0%| F|  |TAMS 0x000000070a800000| PB 0x000000070a800000| Untracked |  0
|   2|0x000000070aa00000, 0x000000070aa00000, 0x000000070ac00000|  0%| F|  |TAMS 0x000000070aa00000| PB 0x000000070aa00000| Untracked |  0
|   3|0x000000070ac00000, 0x000000070ac00000, 0x000000070ae00000|  0%| F|  |TAMS 0x000000070ac00000| PB 0x000000070ac00000| Untracked |  0
|   4|0x000000070ae00000, 0x000000070ae00000, 0x000000070b000000|  0%| F|  |TAMS 0x000000070ae00000| PB 0x000000070ae00000| Untracked |  0
|   5|0x000000070b000000, 0x000000070b000000, 0x000000070b200000|  0%| F|  |TAMS 0x000000070b000000| PB 0x000000070b000000| Untracked |  0
|   6|0x000000070b200000, 0x000000070b200000, 0x000000070b400000|  0%| F|  |TAMS 0x000000070b200000| PB 0x000000070b200000| Untracked |  0
|   7|0x000000070b400000, 0x000000070b400000, 0x000000070b600000|  0%| F|  |TAMS 0x000000070b400000| PB 0x000000070b400000| Untracked |  0
|   8|0x000000070b600000, 0x000000070b600000, 0x000000070b800000|  0%| F|  |TAMS 0x000000070b600000| PB 0x000000070b600000| Untracked |  0
|   9|0x000000070b800000, 0x000000070b800000, 0x000000070ba00000|  0%| F|  |TAMS 0x000000070b800000| PB 0x000000070b800000| Untracked |  0
|  10|0x000000070ba00000, 0x000000070ba00000, 0x000000070bc00000|  0%| F|  |TAMS 0x000000070ba00000| PB 0x000000070ba00000| Untracked |  0
|  11|0x000000070bc00000, 0x000000070bc00000, 0x000000070be00000|  0%| F|  |TAMS 0x000000070bc00000| PB 0x000000070bc00000| Untracked |  0
|  12|0x000000070be00000, 0x000000070be00000, 0x000000070c000000|  0%| F|  |TAMS 0x000000070be00000| PB 0x000000070be00000| Untracked |  0
|  13|0x000000070c000000, 0x000000070c000000, 0x000000070c200000|  0%| F|  |TAMS 0x000000070c000000| PB 0x000000070c000000| Untracked |  0
|  14|0x000000070c200000, 0x000000070c200000, 0x000000070c400000|  0%| F|  |TAMS 0x000000070c200000| PB 0x000000070c200000| Untracked |  0
|  15|0x000000070c400000, 0x000000070c400000, 0x000000070c600000|  0%| F|  |TAMS 0x000000070c400000| PB 0x000000070c400000| Untracked |  0
|  16|0x000000070c600000, 0x000000070c600000, 0x000000070c800000|  0%| F|  |TAMS 0x000000070c600000| PB 0x000000070c600000| Untracked |  0
|  17|0x000000070c800000, 0x000000070c800000, 0x000000070ca00000|  0%| F|  |TAMS 0x000000070c800000| PB 0x000000070c800000| Untracked |  0
|  18|0x000000070ca00000, 0x000000070ca00000, 0x000000070cc00000|  0%| F|  |TAMS 0x000000070ca00000| PB 0x000000070ca00000| Untracked |  0
|  19|0x000000070cc00000, 0x000000070cc00000, 0x000000070ce00000|  0%| F|  |TAMS 0x000000070cc00000| PB 0x000000070cc00000| Untracked |  0
|  20|0x000000070ce00000, 0x000000070ce00000, 0x000000070d000000|  0%| F|  |TAMS 0x000000070ce00000| PB 0x000000070ce00000| Untracked |  0
|  21|0x000000070d000000, 0x000000070d000000, 0x000000070d200000|  0%| F|  |TAMS 0x000000070d000000| PB 0x000000070d000000| Untracked |  0
|  22|0x000000070d200000, 0x000000070d200000, 0x000000070d400000|  0%| F|  |TAMS 0x000000070d200000| PB 0x000000070d200000| Untracked |  0
|  23|0x000000070d400000, 0x000000070d400000, 0x000000070d600000|  0%| F|  |TAMS 0x000000070d400000| PB 0x000000070d400000| Untracked |  0
|  24|0x000000070d600000, 0x000000070d600000, 0x000000070d800000|  0%| F|  |TAMS 0x000000070d600000| PB 0x000000070d600000| Untracked |  0
|  25|0x000000070d800000, 0x000000070d800000, 0x000000070da00000|  0%| F|  |TAMS 0x000000070d800000| PB 0x000000070d800000| Untracked |  0
|  26|0x000000070da00000, 0x000000070da00000, 0x000000070dc00000|  0%| F|  |TAMS 0x000000070da00000| PB 0x000000070da00000| Untracked |  0
|  27|0x000000070dc00000, 0x000000070dc00000, 0x000000070de00000|  0%| F|  |TAMS 0x000000070dc00000| PB 0x000000070dc00000| Untracked |  0
|  28|0x000000070de00000, 0x000000070de00000, 0x000000070e000000|  0%| F|  |TAMS 0x000000070de00000| PB 0x000000070de00000| Untracked |  0
|  29|0x000000070e000000, 0x000000070e000000, 0x000000070e200000|  0%| F|  |TAMS 0x000000070e000000| PB 0x000000070e000000| Untracked |  0
|  30|0x000000070e200000, 0x000000070e200000, 0x000000070e400000|  0%| F|  |TAMS 0x000000070e200000| PB 0x000000070e200000| Untracked |  0
|  31|0x000000070e400000, 0x000000070e400000, 0x000000070e600000|  0%| F|  |TAMS 0x000000070e400000| PB 0x000000070e400000| Untracked |  0
|  32|0x000000070e600000, 0x000000070e600000, 0x000000070e800000|  0%| F|  |TAMS 0x000000070e600000| PB 0x000000070e600000| Untracked |  0
|  33|0x000000070e800000, 0x000000070e800000, 0x000000070ea00000|  0%| F|  |TAMS 0x000000070e800000| PB 0x000000070e800000| Untracked |  0
|  34|0x000000070ea00000, 0x000000070ea00000, 0x000000070ec00000|  0%| F|  |TAMS 0x000000070ea00000| PB 0x000000070ea00000| Untracked |  0
|  35|0x000000070ec00000, 0x000000070ec00000, 0x000000070ee00000|  0%| F|  |TAMS 0x000000070ec00000| PB 0x000000070ec00000| Untracked |  0
|  36|0x000000070ee00000, 0x000000070ee00000, 0x000000070f000000|  0%| F|  |TAMS 0x000000070ee00000| PB 0x000000070ee00000| Untracked |  0
|  37|0x000000070f000000, 0x000000070f000000, 0x000000070f200000|  0%| F|  |TAMS 0x000000070f000000| PB 0x000000070f000000| Untracked |  0
|  38|0x000000070f200000, 0x000000070f200000, 0x000000070f400000|  0%| F|  |TAMS 0x000000070f200000| PB 0x000000070f200000| Untracked |  0
|  39|0x000000070f400000, 0x000000070f400000, 0x000000070f600000|  0%| F|  |TAMS 0x000000070f400000| PB 0x000000070f400000| Untracked |  0
|  40|0x000000070f600000, 0x000000070f600000, 0x000000070f800000|  0%| F|  |TAMS 0x000000070f600000| PB 0x000000070f600000| Untracked |  0
|  41|0x000000070f800000, 0x000000070f800000, 0x000000070fa00000|  0%| F|  |TAMS 0x000000070f800000| PB 0x000000070f800000| Untracked |  0
|  42|0x000000070fa00000, 0x000000070fa00000, 0x000000070fc00000|  0%| F|  |TAMS 0x000000070fa00000| PB 0x000000070fa00000| Untracked |  0
|  43|0x000000070fc00000, 0x000000070fc00000, 0x000000070fe00000|  0%| F|  |TAMS 0x000000070fc00000| PB 0x000000070fc00000| Untracked |  0
|  44|0x000000070fe00000, 0x000000070fe00000, 0x0000000710000000|  0%| F|  |TAMS 0x000000070fe00000| PB 0x000000070fe00000| Untracked |  0
|  45|0x0000000710000000, 0x0000000710000000, 0x0000000710200000|  0%| F|  |TAMS 0x0000000710000000| PB 0x0000000710000000| Untracked |  0
|  46|0x0000000710200000, 0x0000000710200000, 0x0000000710400000|  0%| F|  |TAMS 0x0000000710200000| PB 0x0000000710200000| Untracked |  0
|  47|0x0000000710400000, 0x0000000710400000, 0x0000000710600000|  0%| F|  |TAMS 0x0000000710400000| PB 0x0000000710400000| Untracked |  0
|  48|0x0000000710600000, 0x0000000710600000, 0x0000000710800000|  0%| F|  |TAMS 0x0000000710600000| PB 0x0000000710600000| Untracked |  0
|  49|0x0000000710800000, 0x0000000710800000, 0x0000000710a00000|  0%| F|  |TAMS 0x0000000710800000| PB 0x0000000710800000| Untracked |  0
|  50|0x0000000710a00000, 0x0000000710a00000, 0x0000000710c00000|  0%| F|  |TAMS 0x0000000710a00000| PB 0x0000000710a00000| Untracked |  0
|  51|0x0000000710c00000, 0x0000000710c00000, 0x0000000710e00000|  0%| F|  |TAMS 0x0000000710c00000| PB 0x0000000710c00000| Untracked |  0
|  52|0x0000000710e00000, 0x0000000710e00000, 0x0000000711000000|  0%| F|  |TAMS 0x0000000710e00000| PB 0x0000000710e00000| Untracked |  0
|  53|0x0000000711000000, 0x0000000711000000, 0x0000000711200000|  0%| F|  |TAMS 0x0000000711000000| PB 0x0000000711000000| Untracked |  0
|  54|0x0000000711200000, 0x0000000711200000, 0x0000000711400000|  0%| F|  |TAMS 0x0000000711200000| PB 0x0000000711200000| Untracked |  0
|  55|0x0000000711400000, 0x0000000711400000, 0x0000000711600000|  0%| F|  |TAMS 0x0000000711400000| PB 0x0000000711400000| Untracked |  0
|  56|0x0000000711600000, 0x0000000711600000, 0x0000000711800000|  0%| F|  |TAMS 0x0000000711600000| PB 0x0000000711600000| Untracked |  0
|  57|0x0000000711800000, 0x0000000711800000, 0x0000000711a00000|  0%| F|  |TAMS 0x0000000711800000| PB 0x0000000711800000| Untracked |  0
|  58|0x0000000711a00000, 0x0000000711a00000, 0x0000000711c00000|  0%| F|  |TAMS 0x0000000711a00000| PB 0x0000000711a00000| Untracked |  0
|  59|0x0000000711c00000, 0x0000000711c00000, 0x0000000711e00000|  0%| F|  |TAMS 0x0000000711c00000| PB 0x0000000711c00000| Untracked |  0
|  60|0x0000000711e00000, 0x0000000711e00000, 0x0000000712000000|  0%| F|  |TAMS 0x0000000711e00000| PB 0x0000000711e00000| Untracked |  0
|  61|0x0000000712000000, 0x0000000712000000, 0x0000000712200000|  0%| F|  |TAMS 0x0000000712000000| PB 0x0000000712000000| Untracked |  0
|  62|0x0000000712200000, 0x0000000712200000, 0x0000000712400000|  0%| F|  |TAMS 0x0000000712200000| PB 0x0000000712200000| Untracked |  0
|  63|0x0000000712400000, 0x0000000712400000, 0x0000000712600000|  0%| F|  |TAMS 0x0000000712400000| PB 0x0000000712400000| Untracked |  0
|  64|0x0000000712600000, 0x0000000712600000, 0x0000000712800000|  0%| F|  |TAMS 0x0000000712600000| PB 0x0000000712600000| Untracked |  0
|  65|0x0000000712800000, 0x0000000712800000, 0x0000000712a00000|  0%| F|  |TAMS 0x0000000712800000| PB 0x0000000712800000| Untracked |  0
|  66|0x0000000712a00000, 0x0000000712a00000, 0x0000000712c00000|  0%| F|  |TAMS 0x0000000712a00000| PB 0x0000000712a00000| Untracked |  0
|  67|0x0000000712c00000, 0x0000000712c00000, 0x0000000712e00000|  0%| F|  |TAMS 0x0000000712c00000| PB 0x0000000712c00000| Untracked |  0
|  68|0x0000000712e00000, 0x0000000712e00000, 0x0000000713000000|  0%| F|  |TAMS 0x0000000712e00000| PB 0x0000000712e00000| Untracked |  0
|  69|0x0000000713000000, 0x0000000713000000, 0x0000000713200000|  0%| F|  |TAMS 0x0000000713000000| PB 0x0000000713000000| Untracked |  0
|  70|0x0000000713200000, 0x0000000713200000, 0x0000000713400000|  0%| F|  |TAMS 0x0000000713200000| PB 0x0000000713200000| Untracked |  0
|  71|0x0000000713400000, 0x0000000713400000, 0x0000000713600000|  0%| F|  |TAMS 0x0000000713400000| PB 0x0000000713400000| Untracked |  0
|  72|0x0000000713600000, 0x0000000713600000, 0x0000000713800000|  0%| F|  |TAMS 0x0000000713600000| PB 0x0000000713600000| Untracked |  0
|  73|0x0000000713800000, 0x0000000713800000, 0x0000000713a00000|  0%| F|  |TAMS 0x0000000713800000| PB 0x0000000713800000| Untracked |  0
|  74|0x0000000713a00000, 0x0000000713a00000, 0x0000000713c00000|  0%| F|  |TAMS 0x0000000713a00000| PB 0x0000000713a00000| Untracked |  0
|  75|0x0000000713c00000, 0x0000000713c00000, 0x0000000713e00000|  0%| F|  |TAMS 0x0000000713c00000| PB 0x0000000713c00000| Untracked |  0
|  76|0x0000000713e00000, 0x0000000713e00000, 0x0000000714000000|  0%| F|  |TAMS 0x0000000713e00000| PB 0x0000000713e00000| Untracked |  0
|  77|0x0000000714000000, 0x0000000714000000, 0x0000000714200000|  0%| F|  |TAMS 0x0000000714000000| PB 0x0000000714000000| Untracked |  0
|  78|0x0000000714200000, 0x0000000714200000, 0x0000000714400000|  0%| F|  |TAMS 0x0000000714200000| PB 0x0000000714200000| Untracked |  0
|  79|0x0000000714400000, 0x0000000714400000, 0x0000000714600000|  0%| F|  |TAMS 0x0000000714400000| PB 0x0000000714400000| Untracked |  0
|  80|0x0000000714600000, 0x0000000714600000, 0x0000000714800000|  0%| F|  |TAMS 0x0000000714600000| PB 0x0000000714600000| Untracked |  0
|  81|0x0000000714800000, 0x0000000714800000, 0x0000000714a00000|  0%| F|  |TAMS 0x0000000714800000| PB 0x0000000714800000| Untracked |  0
|  82|0x0000000714a00000, 0x0000000714a00000, 0x0000000714c00000|  0%| F|  |TAMS 0x0000000714a00000| PB 0x0000000714a00000| Untracked |  0
|  83|0x0000000714c00000, 0x0000000714c00000, 0x0000000714e00000|  0%| F|  |TAMS 0x0000000714c00000| PB 0x0000000714c00000| Untracked |  0
|  84|0x0000000714e00000, 0x0000000714e00000, 0x0000000715000000|  0%| F|  |TAMS 0x0000000714e00000| PB 0x0000000714e00000| Untracked |  0
|  85|0x0000000715000000, 0x0000000715000000, 0x0000000715200000|  0%| F|  |TAMS 0x0000000715000000| PB 0x0000000715000000| Untracked |  0
|  86|0x0000000715200000, 0x0000000715200000, 0x0000000715400000|  0%| F|  |TAMS 0x0000000715200000| PB 0x0000000715200000| Untracked |  0
|  87|0x0000000715400000, 0x0000000715400000, 0x0000000715600000|  0%| F|  |TAMS 0x0000000715400000| PB 0x0000000715400000| Untracked |  0
|  88|0x0000000715600000, 0x0000000715600000, 0x0000000715800000|  0%| F|  |TAMS 0x0000000715600000| PB 0x0000000715600000| Untracked |  0
|  89|0x0000000715800000, 0x0000000715800000, 0x0000000715a00000|  0%| F|  |TAMS 0x0000000715800000| PB 0x0000000715800000| Untracked |  0
|  90|0x0000000715a00000, 0x0000000715a00000, 0x0000000715c00000|  0%| F|  |TAMS 0x0000000715a00000| PB 0x0000000715a00000| Untracked |  0
|  91|0x0000000715c00000, 0x0000000715c00000, 0x0000000715e00000|  0%| F|  |TAMS 0x0000000715c00000| PB 0x0000000715c00000| Untracked |  0
|  92|0x0000000715e00000, 0x0000000715e00000, 0x0000000716000000|  0%| F|  |TAMS 0x0000000715e00000| PB 0x0000000715e00000| Untracked |  0
|  93|0x0000000716000000, 0x0000000716000000, 0x0000000716200000|  0%| F|  |TAMS 0x0000000716000000| PB 0x0000000716000000| Untracked |  0
|  94|0x0000000716200000, 0x0000000716200000, 0x0000000716400000|  0%| F|  |TAMS 0x0000000716200000| PB 0x0000000716200000| Untracked |  0
|  95|0x0000000716400000, 0x0000000716400000, 0x0000000716600000|  0%| F|  |TAMS 0x0000000716400000| PB 0x0000000716400000| Untracked |  0
|  96|0x0000000716600000, 0x0000000716600000, 0x0000000716800000|  0%| F|  |TAMS 0x0000000716600000| PB 0x0000000716600000| Untracked |  0
|  97|0x0000000716800000, 0x0000000716800000, 0x0000000716a00000|  0%| F|  |TAMS 0x0000000716800000| PB 0x0000000716800000| Untracked |  0
|  98|0x0000000716a00000, 0x0000000716a00000, 0x0000000716c00000|  0%| F|  |TAMS 0x0000000716a00000| PB 0x0000000716a00000| Untracked |  0
|  99|0x0000000716c00000, 0x0000000716c00000, 0x0000000716e00000|  0%| F|  |TAMS 0x0000000716c00000| PB 0x0000000716c00000| Untracked |  0
| 100|0x0000000716e00000, 0x0000000716e00000, 0x0000000717000000|  0%| F|  |TAMS 0x0000000716e00000| PB 0x0000000716e00000| Untracked |  0
| 101|0x0000000717000000, 0x0000000717000000, 0x0000000717200000|  0%| F|  |TAMS 0x0000000717000000| PB 0x0000000717000000| Untracked |  0
| 102|0x0000000717200000, 0x0000000717200000, 0x0000000717400000|  0%| F|  |TAMS 0x0000000717200000| PB 0x0000000717200000| Untracked |  0
| 103|0x0000000717400000, 0x0000000717400000, 0x0000000717600000|  0%| F|  |TAMS 0x0000000717400000| PB 0x0000000717400000| Untracked |  0
| 104|0x0000000717600000, 0x0000000717600000, 0x0000000717800000|  0%| F|  |TAMS 0x0000000717600000| PB 0x0000000717600000| Untracked |  0
| 105|0x0000000717800000, 0x0000000717800000, 0x0000000717a00000|  0%| F|  |TAMS 0x0000000717800000| PB 0x0000000717800000| Untracked |  0
| 106|0x0000000717a00000, 0x0000000717b36d98, 0x0000000717c00000| 60%| E|  |TAMS 0x0000000717a00000| PB 0x0000000717a00000| Complete |  0
| 107|0x0000000717c00000, 0x0000000717e00000, 0x0000000717e00000|100%| E|  |TAMS 0x0000000717c00000| PB 0x0000000717c00000| Complete |  0
| 108|0x0000000717e00000, 0x0000000718000000, 0x0000000718000000|100%| E|CS|TAMS 0x0000000717e00000| PB 0x0000000717e00000| Complete |  0
| 109|0x0000000718000000, 0x0000000718200000, 0x0000000718200000|100%| E|CS|TAMS 0x0000000718000000| PB 0x0000000718000000| Complete |  0
| 110|0x0000000718200000, 0x0000000718400000, 0x0000000718400000|100%| E|CS|TAMS 0x0000000718200000| PB 0x0000000718200000| Complete |  0
| 111|0x0000000718400000, 0x0000000718600000, 0x0000000718600000|100%| E|CS|TAMS 0x0000000718400000| PB 0x0000000718400000| Complete |  0
| 112|0x0000000718600000, 0x0000000718800000, 0x0000000718800000|100%| E|CS|TAMS 0x0000000718600000| PB 0x0000000718600000| Complete |  0
| 113|0x0000000718800000, 0x0000000718a00000, 0x0000000718a00000|100%| E|CS|TAMS 0x0000000718800000| PB 0x0000000718800000| Complete |  0
| 114|0x0000000718a00000, 0x0000000718c00000, 0x0000000718c00000|100%| E|CS|TAMS 0x0000000718a00000| PB 0x0000000718a00000| Complete |  0
| 115|0x0000000718c00000, 0x0000000718e00000, 0x0000000718e00000|100%| E|CS|TAMS 0x0000000718c00000| PB 0x0000000718c00000| Complete |  0
| 116|0x0000000718e00000, 0x0000000719000000, 0x0000000719000000|100%| E|CS|TAMS 0x0000000718e00000| PB 0x0000000718e00000| Complete |  0
| 117|0x0000000719000000, 0x0000000719200000, 0x0000000719200000|100%| E|CS|TAMS 0x0000000719000000| PB 0x0000000719000000| Complete |  0
| 118|0x0000000719200000, 0x0000000719400000, 0x0000000719400000|100%| E|CS|TAMS 0x0000000719200000| PB 0x0000000719200000| Complete |  0
| 119|0x0000000719400000, 0x0000000719600000, 0x0000000719600000|100%| E|CS|TAMS 0x0000000719400000| PB 0x0000000719400000| Complete |  0
| 120|0x0000000719600000, 0x0000000719800000, 0x0000000719800000|100%| E|CS|TAMS 0x0000000719600000| PB 0x0000000719600000| Complete |  0
| 121|0x0000000719800000, 0x0000000719a00000, 0x0000000719a00000|100%| E|CS|TAMS 0x0000000719800000| PB 0x0000000719800000| Complete |  0
| 122|0x0000000719a00000, 0x0000000719c00000, 0x0000000719c00000|100%| E|CS|TAMS 0x0000000719a00000| PB 0x0000000719a00000| Complete |  0
|1964|0x00000007ffe00000, 0x00000007fff1c288, 0x0000000800000000| 55%| O|  |TAMS 0x00000007ffe00000| PB 0x00000007ffe00000| Untracked |  0

Card table byte_map: [0x000001944e870000,0x000001944f020000] _byte_map_base: 0x000001944b01d000

Marking Bits: (CMBitMap*) 0x00000194410ab450
 Bits: [0x000001944f020000, 0x0000019452d88000)

Polling page: 0x000001943efc0000

Metaspace:

Usage:
  Non-class:      2.39 MB used.
      Class:    308.59 KB used.
       Both:      2.69 MB used.

Virtual space:
  Non-class space:       64.00 MB reserved,       2.50 MB (  4%) committed,  1 nodes.
      Class space:        1.00 GB reserved,     384.00 KB ( <1%) committed,  1 nodes.
             Both:        1.06 GB reserved,       2.88 MB ( <1%) committed. 

Chunk freelists:
   Non-Class:  11.92 MB
       Class:  15.59 MB
        Both:  27.51 MB

MaxMetaspaceSize: unlimited
CompressedClassSpaceSize: 1.00 GB
Initial GC threshold: 21.00 MB
Current GC threshold: 21.00 MB
CDS: on
 - commit_granule_bytes: 65536.
 - commit_granule_words: 8192.
 - virtual_space_node_default_size: 8388608.
 - enlarge_chunks_in_place: 1.
UseCompressedClassPointers 1, UseCompactObjectHeaders 0
Narrow klass pointer bits 32, Max shift 3
Narrow klass base: 0x0000019456000000, Narrow klass shift: 0
Encoding Range: [0x0000019456000000 - 0x0000019556000000), (4294967296 bytes)
Klass Range:    [0x0000019456000000 - 0x0000019497000000), (1090519040 bytes)
Klass ID Range:  [8 - 1090519033) (1090519025)


Internal statistics:

num_allocs_failed_limit: 0.
num_arena_births: 70.
num_arena_deaths: 0.
num_vsnodes_births: 2.
num_vsnodes_deaths: 0.
num_space_committed: 46.
num_space_uncommitted: 0.
num_chunks_returned_to_freelist: 0.
num_chunks_taken_from_freelist: 76.
num_chunk_merges: 0.
num_chunk_splits: 53.
num_chunks_enlarged: 34.
num_inconsistent_stats: 0.

CodeCache: size=49152Kb used=4486Kb max_used=4486Kb free=44665Kb
 bounds [0x000001944a510000, 0x000001944a980000, 0x000001944d510000]
 total_blobs=1893, nmethods=1456, adapters=360, full_count=0
Compilation: enabled, stopped_count=0, restarted_count=0

Compilation events (20 events):
Event: 0.936 Thread 0x0000019497145390 nmethod 1444 0x000001944a96e988 code [0x000001944a96eaa0, 0x000001944a96eb68]
Event: 0.936 Thread 0x0000019497145390 1450   !   1       jdk.jfr.internal.Control::setValue (102 bytes)
Event: 0.936 Thread 0x00000194971a31b0 nmethod 1447 0x000001944a96ec88 code [0x000001944a96ed80, 0x000001944a96ee48]
Event: 0.936 Thread 0x00000194971a40d0 nmethod 1446 0x000001944a96ef88 code [0x000001944a96f080, 0x000001944a96f148]
Event: 0.936 Thread 0x00000194971a1b00 nmethod 1448 0x000001944a96f288 code [0x000001944a96f380, 0x000001944a96f448]
Event: 0.936 Thread 0x00000194971a31b0 1451       1       jdk.jfr.internal.SettingsManager$InternalSetting::getValues (35 bytes)
Event: 0.936 Thread 0x00000194971a40d0 1452       1       jdk.jfr.internal.Control::apply (10 bytes)
Event: 0.937 Thread 0x00000194971a1b00 1453       1       jdk.jfr.internal.Control::findCombine (121 bytes)
Event: 0.937 Thread 0x00000194971a40d0 nmethod 1452 0x000001944a96f588 code [0x000001944a96f6a0, 0x000001944a96f7c0]
Event: 0.937 Thread 0x00000194971a31b0 nmethod 1451 0x000001944a96f888 code [0x000001944a96f9c0, 0x000001944a96fbe0]
Event: 0.937 Thread 0x00000194971a40d0 1449       1       jdk.jfr.internal.PlatformEventType::isEnabled (5 bytes)
Event: 0.937 Thread 0x00000194971a31b0 1454       1       java.lang.StringLatin1::getChar (9 bytes)
Event: 0.937 Thread 0x00000194971a40d0 nmethod 1449 0x000001944a96fc08 code [0x000001944a96fd00, 0x000001944a96fdc8]
Event: 0.937 Thread 0x00000194971a31b0 nmethod 1454 0x000001944a96ff08 code [0x000001944a970020, 0x000001944a9700f8]
Event: 0.937 Thread 0x00000194971a1b00 nmethod 1453 0x000001944a970208 code [0x000001944a9703c0, 0x000001944a970b88]
Event: 0.937 Thread 0x0000019497145390 nmethod 1450 0x000001944a970c08 code [0x000001944a970e00, 0x000001944a9714c8]
Event: 0.941 Thread 0x0000019497145390 1455       1       jdk.jfr.internal.periodic.EventTask::getEventType (5 bytes)
Event: 0.941 Thread 0x0000019497145390 nmethod 1455 0x000001944a971588 code [0x000001944a971680, 0x000001944a971748]
Event: 0.941 Thread 0x00000194971a40d0 1456       1       jdk.jfr.internal.periodic.PeriodicTask::getPeriod (5 bytes)
Event: 0.941 Thread 0x00000194971a40d0 nmethod 1456 0x000001944a971888 code [0x000001944a971980, 0x000001944a971a48]

GC Heap History (0 events):
No events

Dll operation events (9 events):
Event: 0.048 Loaded shared library C:\Users\1thea\.jdks\openjdk-24.0.1\bin\java.dll
Event: 0.400 Loaded shared library C:\Users\1thea\.jdks\openjdk-24.0.1\bin\zip.dll
Event: 0.404 Loaded shared library C:\Users\1thea\.jdks\openjdk-24.0.1\bin\instrument.dll
Event: 0.410 Loaded shared library C:\Users\1thea\.jdks\openjdk-24.0.1\bin\net.dll
Event: 0.413 Loaded shared library C:\Users\1thea\.jdks\openjdk-24.0.1\bin\nio.dll
Event: 0.417 Loaded shared library C:\Users\1thea\.jdks\openjdk-24.0.1\bin\zip.dll
Event: 0.610 Loaded shared library C:\Program Files\JetBrains\IntelliJ IDEA 2024.3.2.2\bin\breakgen64.dll
Event: 0.626 Loaded shared library C:\Users\1thea\.jdks\openjdk-24.0.1\bin\extnet.dll
Event: 0.680 Loaded shared library C:\Users\1thea\.jdks\openjdk-24.0.1\bin\jimage.dll

Deoptimization events (0 events):
No events

Classes loaded (20 events):
Event: 0.915 Loading class jdk/jfr/internal/MetadataWriter
Event: 0.915 Loading class jdk/jfr/internal/MetadataWriter done
Event: 0.915 Loading class jdk/jfr/internal/MetadataDescriptor$Element
Event: 0.915 Loading class jdk/jfr/internal/MetadataDescriptor$Element done
Event: 0.916 Loading class jdk/jfr/internal/MetadataDescriptor$Attribute
Event: 0.916 Loading class jdk/jfr/internal/MetadataDescriptor$Attribute done
Event: 0.923 Loading class jdk/jfr/internal/consumer/StringParser$Encoding
Event: 0.924 Loading class jdk/jfr/internal/consumer/StringParser$Encoding done
Event: 0.930 Loading class jdk/jfr/internal/consumer/RepositoryFiles
Event: 0.931 Loading class jdk/jfr/internal/consumer/RepositoryFiles done
Event: 0.933 Loading class jdk/jfr/internal/SettingsManager$InternalSetting
Event: 0.933 Loading class jdk/jfr/internal/SettingsManager$InternalSetting done
Event: 0.935 Loading class jdk/jfr/internal/util/Rate
Event: 0.935 Loading class jdk/jfr/internal/util/Rate done
Event: 0.935 Loading class jdk/jfr/internal/util/TimespanUnit
Event: 0.935 Loading class jdk/jfr/internal/util/TimespanUnit done
Event: 0.935 Loading class jdk/jfr/internal/util/ValueParser
Event: 0.935 Loading class jdk/jfr/internal/util/ValueParser done
Event: 0.937 Loading class jdk/jfr/internal/periodic/PeriodicType
Event: 0.937 Loading class jdk/jfr/internal/periodic/PeriodicType done

Classes unloaded (0 events):
No events

Classes redefined (0 events):
No events

Internal exceptions (19 events):
Event: 0.595 Thread 0x0000019441040880 Exception <a 'java/lang/NoSuchMethodError'{0x0000000718a0c2a8}: 'void java.lang.invoke.DirectMethodHandle$Holder.invokeStatic(java.lang.Object, java.lang.Object, java.lang.Object)'> (0x0000000718a0c2a8) 
thrown [s\open\src\hotspot\share\interpreter\linkResolver.cpp, line 805]
Event: 0.602 Thread 0x0000019441040880 Exception <a 'java/lang/NoSuchMethodError'{0x0000000718a40e68}: 'java.lang.Object java.lang.invoke.Invokers$Holder.invokeExact_MT(java.lang.Object, java.lang.Object, java.lang.Object, java.lang.Object, java.lang.Object)'> (0x0000000718a40e68) 
thrown [s\open\src\hotspot\share\interpreter\linkResolver.cpp, line 805]
Event: 0.618 Thread 0x0000019441040880 Exception <a 'java/lang/NoSuchMethodError'{0x0000000718a53f80}: 'java.lang.Object java.lang.invoke.DirectMethodHandle$Holder.invokeStaticInit(java.lang.Object, java.lang.Object, java.lang.Object)'> (0x0000000718a53f80) 
thrown [s\open\src\hotspot\share\interpreter\linkResolver.cpp, line 805]
Event: 0.623 Thread 0x00000194971352e0 Exception <a 'java/lang/NoSuchMethodError'{0x0000000718b05448}: 'java.lang.Object java.lang.invoke.DirectMethodHandle$Holder.invokeStaticInit(java.lang.Object)'> (0x0000000718b05448) 
thrown [s\open\src\hotspot\share\interpreter\linkResolver.cpp, line 805]
Event: 0.628 Thread 0x00000194971352e0 Exception <a 'java/lang/NoSuchMethodError'{0x0000000718b10078}: 'void java.lang.invoke.DirectMethodHandle$Holder.invokeStatic(java.lang.Object, java.lang.Object)'> (0x0000000718b10078) 
thrown [s\open\src\hotspot\share\interpreter\linkResolver.cpp, line 805]
Event: 0.685 Thread 0x0000019441040880 Exception <a 'java/lang/NoSuchMethodError'{0x00000007188ff260}: 'java.lang.Object java.lang.invoke.DirectMethodHandle$Holder.invokeStatic(java.lang.Object, int, java.lang.Object)'> (0x00000007188ff260) 
thrown [s\open\src\hotspot\share\interpreter\linkResolver.cpp, line 805]
Event: 0.705 Thread 0x0000019441040880 Exception <a 'java/lang/NoSuchMethodError'{0x000000071864c798}: 'void java.lang.invoke.DirectMethodHandle$Holder.invokeStaticInit(java.lang.Object)'> (0x000000071864c798) 
thrown [s\open\src\hotspot\share\interpreter\linkResolver.cpp, line 805]
Event: 0.724 Thread 0x0000019441040880 Exception <a 'java/lang/NoSuchMethodError'{0x00000007186bd850}: 'void java.lang.invoke.DirectMethodHandle$Holder.invokeSpecial(java.lang.Object, java.lang.Object, java.lang.Object)'> (0x00000007186bd850) 
thrown [s\open\src\hotspot\share\interpreter\linkResolver.cpp, line 805]
Event: 0.740 Thread 0x0000019441040880 Exception <a 'java/lang/NoSuchMethodError'{0x0000000718725b48}: 'java.lang.Object java.lang.invoke.DirectMethodHandle$Holder.newInvokeSpecial(java.lang.Object, java.lang.Object, java.lang.Object, java.lang.Object, java.lang.Object)'> (0x0000000718725b48) 
thrown [s\open\src\hotspot\share\interpreter\linkResolver.cpp, line 805]
Event: 0.792 Thread 0x0000019441040880 Exception <a 'java/lang/NoSuchMethodError'{0x00000007184bc3e0}: 'long java.lang.invoke.DirectMethodHandle$Holder.invokeVirtual(java.lang.Object, java.lang.Object)'> (0x00000007184bc3e0) 
thrown [s\open\src\hotspot\share\interpreter\linkResolver.cpp, line 805]
Event: 0.845 Thread 0x0000019441040880 Exception <a 'java/lang/NoSuchMethodError'{0x000000071801ac50}: 'int java.lang.invoke.DirectMethodHandle$Holder.invokeSpecial(java.lang.Object, java.lang.Object, java.lang.Object)'> (0x000000071801ac50) 
thrown [s\open\src\hotspot\share\interpreter\linkResolver.cpp, line 805]
Event: 0.892 Thread 0x0000019441040880 Exception <a 'java/lang/NoSuchMethodError'{0x00000007181ecad0}: 'void java.lang.invoke.DirectMethodHandle$Holder.invokeSpecial(java.lang.Object, java.lang.Object, int)'> (0x00000007181ecad0) 
thrown [s\open\src\hotspot\share\interpreter\linkResolver.cpp, line 805]
Event: 0.892 Thread 0x0000019441040880 Exception <a 'java/lang/NoSuchMethodError'{0x00000007181f46f0}: 'void java.lang.invoke.Invokers$Holder.invokeExact_MT(java.lang.Object, int, java.lang.Object)'> (0x00000007181f46f0) 
thrown [s\open\src\hotspot\share\interpreter\linkResolver.cpp, line 805]
Event: 0.894 Thread 0x0000019441040880 Exception <a 'java/lang/NoSuchMethodError'{0x0000000717e0f250}: 'void java.lang.invoke.DirectMethodHandle$Holder.invokeStatic(java.lang.Object, java.lang.Object, int)'> (0x0000000717e0f250) 
thrown [s\open\src\hotspot\share\interpreter\linkResolver.cpp, line 805]
Event: 0.895 Thread 0x0000019441040880 Exception <a 'java/lang/NoSuchMethodError'{0x0000000717e1e340}: 'java.lang.Object java.lang.invoke.DirectMethodHandle$Holder.newInvokeSpecial(java.lang.Object, java.lang.Object, int)'> (0x0000000717e1e340) 
thrown [s\open\src\hotspot\share\interpreter\linkResolver.cpp, line 805]
Event: 0.896 Thread 0x0000019497134b90 Exception <a 'java/lang/NoSuchMethodError'{0x0000000717ef7f60}: 'long java.lang.invoke.DirectMethodHandle$Holder.invokeSpecial(java.lang.Object, java.lang.Object)'> (0x0000000717ef7f60) 
thrown [s\open\src\hotspot\share\interpreter\linkResolver.cpp, line 805]
Event: 0.901 Thread 0x0000019441040880 Exception <a 'sun/nio/fs/WindowsException'{0x0000000717e53210}> (0x0000000717e53210) 
thrown [s\open\src\hotspot\share\prims\jni.cpp, line 518]
Event: 0.904 Thread 0x0000019441040880 Exception <a 'sun/nio/fs/WindowsException'{0x0000000717e600d8}> (0x0000000717e600d8) 
thrown [s\open\src\hotspot\share\prims\jni.cpp, line 518]
Event: 0.911 Thread 0x0000019441040880 Exception <a 'sun/nio/fs/WindowsException'{0x0000000717e71ed0}> (0x0000000717e71ed0) 
thrown [s\open\src\hotspot\share\prims\jni.cpp, line 518]

VM Operations (8 events):
Event: 0.386 Executing VM operation: HandshakeAllThreads (Deoptimize)
Event: 0.386 Executing VM operation: HandshakeAllThreads (Deoptimize) done
Event: 0.897 Executing VM operation: HandshakeAllThreads (Deoptimize)
Event: 0.897 Executing VM operation: HandshakeAllThreads (Deoptimize) done
Event: 0.899 Executing VM operation: HandshakeAllThreads (Deoptimize)
Event: 0.899 Executing VM operation: HandshakeAllThreads (Deoptimize) done
Event: 0.931 Executing VM operation: JFRSafepointClear
Event: 0.931 Executing VM operation: JFRSafepointClear done

Memory protections (0 events):
No events

Nmethod flushes (0 events):
No events

Events (15 events):
Event: 0.060 Thread 0x0000019441040880 Thread added: 0x0000019441040880
Event: 0.074 Thread 0x0000019441040880 Thread added: 0x00000194971284f0
Event: 0.074 Thread 0x0000019441040880 Thread added: 0x000001949712ac40
Event: 0.074 Thread 0x0000019441040880 Thread added: 0x0000019497133d90
Event: 0.074 Thread 0x0000019441040880 Thread added: 0x0000019497137770
Event: 0.074 Thread 0x0000019441040880 Thread added: 0x0000019497137020
Event: 0.074 Thread 0x0000019441040880 Thread added: 0x0000019497136180
Event: 0.075 Thread 0x0000019441040880 Thread added: 0x0000019497145390
Event: 0.357 Thread 0x0000019497145390 Thread added: 0x00000194971a1b00
Event: 0.388 Thread 0x0000019497145390 Thread added: 0x00000194971a31b0
Event: 0.388 Thread 0x00000194971a1b00 Thread added: 0x00000194971a40d0
Event: 0.407 Thread 0x0000019441040880 Thread added: 0x00000194971368d0
Event: 0.611 Thread 0x0000019441040880 Thread added: 0x00000194971352e0
Event: 0.702 Thread 0x0000019441040880 Thread added: 0x0000019497135a30
Event: 0.896 Thread 0x0000019441040880 Thread added: 0x0000019497134b90


Dynamic libraries:
0x00007ff670e40000 - 0x00007ff670e4e000 	C:\Users\1thea\.jdks\openjdk-24.0.1\bin\java.exe
0x00007ff958600000 - 0x00007ff958866000 	C:\WINDOWS\SYSTEM32\ntdll.dll
0x00007ff956940000 - 0x00007ff956a09000 	C:\WINDOWS\System32\KERNEL32.DLL
0x00007ff955a20000 - 0x00007ff955dec000 	C:\WINDOWS\System32\KERNELBASE.dll
0x00007ff955790000 - 0x00007ff9558db000 	C:\WINDOWS\System32\ucrtbase.dll
0x00007ff92fbd0000 - 0x00007ff92fbeb000 	C:\Users\1thea\.jdks\openjdk-24.0.1\bin\VCRUNTIME140.dll
0x00007ff92fb60000 - 0x00007ff92fb76000 	C:\Users\1thea\.jdks\openjdk-24.0.1\bin\jli.dll
0x00007ff9563c0000 - 0x00007ff95658a000 	C:\WINDOWS\System32\USER32.dll
0x00007ff956390000 - 0x00007ff9563b7000 	C:\WINDOWS\System32\win32u.dll
0x00007ff954970000 - 0x00007ff954c0a000 	C:\WINDOWS\WinSxS\amd64_microsoft.windows.common-controls_6595b64144ccf1df_6.0.26100.3912_none_3e07963ce335137e\COMCTL32.dll
0x00007ff9580f0000 - 0x00007ff95811b000 	C:\WINDOWS\System32\GDI32.dll
0x00007ff958040000 - 0x00007ff9580e9000 	C:\WINDOWS\System32\msvcrt.dll
0x00007ff9558e0000 - 0x00007ff955a12000 	C:\WINDOWS\System32\gdi32full.dll
0x00007ff956160000 - 0x00007ff956203000 	C:\WINDOWS\System32\msvcp_win.dll
0x00007ff958350000 - 0x00007ff958380000 	C:\WINDOWS\System32\IMM32.DLL
0x00007ff93c320000 - 0x00007ff93c32c000 	C:\Users\1thea\.jdks\openjdk-24.0.1\bin\vcruntime140_1.dll
0x00007ff92dbc0000 - 0x00007ff92dc4e000 	C:\Users\1thea\.jdks\openjdk-24.0.1\bin\msvcp140.dll
0x00007ff893c60000 - 0x00007ff894a02000 	C:\Users\1thea\.jdks\openjdk-24.0.1\bin\server\jvm.dll
0x00007ff956a10000 - 0x00007ff956ac2000 	C:\WINDOWS\System32\ADVAPI32.dll
0x00007ff9583a0000 - 0x00007ff958446000 	C:\WINDOWS\System32\sechost.dll
0x00007ff958230000 - 0x00007ff958346000 	C:\WINDOWS\System32\RPCRT4.dll
0x00007ff9568c0000 - 0x00007ff956934000 	C:\WINDOWS\System32\WS2_32.dll
0x00007ff955600000 - 0x00007ff95565e000 	C:\WINDOWS\SYSTEM32\POWRPROF.dll
0x00007ff94c980000 - 0x00007ff94c98b000 	C:\WINDOWS\SYSTEM32\VERSION.dll
0x00007ff949590000 - 0x00007ff9495c6000 	C:\WINDOWS\SYSTEM32\WINMM.dll
0x00007ff9555e0000 - 0x00007ff9555f4000 	C:\WINDOWS\SYSTEM32\UMPDC.dll
0x00007ff953bf0000 - 0x00007ff953c0a000 	C:\WINDOWS\SYSTEM32\kernel.appcore.dll
0x00007ff9365d0000 - 0x00007ff9365da000 	C:\Users\1thea\.jdks\openjdk-24.0.1\bin\jimage.dll
0x00007ff954f20000 - 0x00007ff955161000 	C:\WINDOWS\SYSTEM32\DBGHELP.DLL
0x00007ff957490000 - 0x00007ff957814000 	C:\WINDOWS\System32\combase.dll
0x00007ff956590000 - 0x00007ff956670000 	C:\WINDOWS\System32\OLEAUT32.dll
0x00007ff954e10000 - 0x00007ff954e49000 	C:\WINDOWS\SYSTEM32\dbgcore.DLL
0x00007ff9560c0000 - 0x00007ff956159000 	C:\WINDOWS\System32\bcryptPrimitives.dll
0x00007ff943b20000 - 0x00007ff943b2f000 	C:\Users\1thea\.jdks\openjdk-24.0.1\bin\instrument.dll
0x00007ff92fb40000 - 0x00007ff92fb5e000 	C:\Users\1thea\.jdks\openjdk-24.0.1\bin\java.dll
0x00007ff957d70000 - 0x00007ff957f0f000 	C:\WINDOWS\System32\ole32.dll
0x00007ff956b60000 - 0x00007ff95728d000 	C:\WINDOWS\System32\SHELL32.dll
0x00007ff956210000 - 0x00007ff956384000 	C:\WINDOWS\System32\wintypes.dll
0x00007ff8d1880000 - 0x00007ff8d1a8e000 	C:\Users\1thea\AppData\Local\Temp\idea_libasyncProfiler_dll_temp_folder\libasyncProfiler.dll
0x00007ff952980000 - 0x00007ff9531d6000 	C:\WINDOWS\SYSTEM32\windows.storage.dll
0x00007ff957340000 - 0x00007ff95742f000 	C:\WINDOWS\System32\SHCORE.dll
0x00007ff957820000 - 0x00007ff957889000 	C:\WINDOWS\System32\shlwapi.dll
0x00007ff9556a0000 - 0x00007ff9556cf000 	C:\WINDOWS\SYSTEM32\profapi.dll
0x00007ff92ace0000 - 0x00007ff92acf7000 	C:\Users\1thea\.jdks\openjdk-24.0.1\bin\zip.dll
0x00007ff92fb30000 - 0x00007ff92fb40000 	C:\Users\1thea\.jdks\openjdk-24.0.1\bin\net.dll
0x00007ff954110000 - 0x00007ff95417a000 	C:\WINDOWS\system32\mswsock.dll
0x00007ff92fad0000 - 0x00007ff92fae6000 	C:\Users\1thea\.jdks\openjdk-24.0.1\bin\nio.dll
0x00007ff92f9d0000 - 0x00007ff92f9ea000 	C:\Program Files\JetBrains\IntelliJ IDEA 2024.3.2.2\bin\breakgen64.dll
0x00007ff92e050000 - 0x00007ff92e059000 	C:\Users\1thea\.jdks\openjdk-24.0.1\bin\extnet.dll

JVMTI agents:
C:\Program Files\JetBrains\IntelliJ IDEA 2024.3.2.2\lib\idea_rt.jar path:C:\Users\1thea\.jdks\openjdk-24.0.1\bin\instrument.dll, loaded, initialized, instrumentlib options:63123:C:\Program Files\JetBrains\IntelliJ IDEA 2024.3.2.2\bin
C:\Users\1thea\AppData\Local\Temp\idea_libasyncProfiler_dll_temp_folder\libasyncProfiler.dll path:C:\Users\1thea\AppData\Local\Temp\idea_libasyncProfiler_dll_temp_folder\libasyncProfiler.dll, loaded, initialized, options:start,jfr,event=wall,interval=10ms,jfrsync=profile,cstack=no,file=C:\Users\1thea\IdeaSnapshots\AplicaciónEnLocal_2025_06_11_201441.jfr,dbghelppath=C:\Users\1thea\AppData\Local\Temp\idea_dbghelp_dll_temp_folder\dbghelp.dll,log=C:\Users\1thea\AppData\Local\Temp\AplicaciónEnLocal_2025_06_11_201441.jfr.log.txt,logLevel=DEBUG

dbghelp: loaded successfully - version: 4.0.5 - missing functions: none
symbol engine: initialized successfully - sym options: 0x614 - pdb path: .;C:\Users\1thea\.jdks\openjdk-24.0.1\bin;C:\WINDOWS\SYSTEM32;C:\WINDOWS\WinSxS\amd64_microsoft.windows.common-controls_6595b64144ccf1df_6.0.26100.3912_none_3e07963ce335137e;C:\Users\1thea\.jdks\openjdk-24.0.1\bin\server;C:\Users\1thea\AppData\Local\Temp\idea_libasyncProfiler_dll_temp_folder;C:\Program Files\JetBrains\IntelliJ IDEA 2024.3.2.2\bin

VM Arguments:
jvm_args: --enable-preview -XX:TieredStopAtLevel=1 -Dspring.profiles.active=local -Dspring.output.ansi.enabled=always -Dcom.sun.management.jmxremote -Dspring.jmx.enabled=true -Dspring.liveBeansView.mbeanDomain -Dspring.application.admin.enabled=true -Dmanagement.endpoints.jmx.exposure.include=* -javaagent:C:\Program Files\JetBrains\IntelliJ IDEA 2024.3.2.2\lib\idea_rt.jar=63123:C:\Program Files\JetBrains\IntelliJ IDEA 2024.3.2.2\bin -agentpath:C:\Users\1thea\AppData\Local\Temp\idea_libasyncProfiler_dll_temp_folder\libasyncProfiler.dll=start,jfr,event=wall,interval=10ms,jfrsync=profile,cstack=no,file=C:\Users\1thea\IdeaSnapshots\AplicaciónEnLocal_2025_06_11_201441.jfr,dbghelppath=C:\Users\1thea\AppData\Local\Temp\idea_dbghelp_dll_temp_folder\dbghelp.dll,log=C:\Users\1thea\AppData\Local\Temp\AplicaciónEnLocal_2025_06_11_201441.jfr.log.txt,logLevel=DEBUG -Dfile.encoding=UTF-8 -Dsun.stdout.encoding=UTF-8 -Dsun.stderr.encoding=UTF-8 
java_command: com.grupo01.java6.faal.Application
java_class_path (initial): C:\Users\1thea\IdeaProjects\proyectoEOIgrupo02\target\classes;C:\Users\1thea\.m2\repository\org\springframework\boot\spring-boot-starter-data-rest\3.4.3\spring-boot-starter-data-rest-3.4.3.jar;C:\Users\1thea\.m2\repository\org\springframework\data\spring-data-rest-webmvc\4.4.3\spring-data-rest-webmvc-4.4.3.jar;C:\Users\1thea\.m2\repository\org\springframework\data\spring-data-rest-core\4.4.3\spring-data-rest-core-4.4.3.jar;C:\Users\1thea\.m2\repository\org\springframework\hateoas\spring-hateoas\2.4.1\spring-hateoas-2.4.1.jar;C:\Users\1thea\.m2\repository\org\springframework\plugin\spring-plugin-core\3.0.0\spring-plugin-core-3.0.0.jar;C:\Users\1thea\.m2\repository\org\atteo\evo-inflector\1.3\evo-inflector-1.3.jar;C:\Users\1thea\.m2\repository\com\fasterxml\jackson\core\jackson-annotations\2.18.2\jackson-annotations-2.18.2.jar;C:\Users\1thea\.m2\repository\org\sonarsource\scanner\maven\sonar-maven-plugin\5.0.0.4389\sonar-maven-plugin-5.0.0.4389.jar;C:\Users\1thea\.m2\repository\org\sonatype\plexus\plexus-sec-dispatcher\1.4\plexus-sec-dispatcher-1.4.jar;C:\Users\1thea\.m2\repository\org\sonatype\plexus\plexus-cipher\1.4\plexus-cipher-1.4.jar;C:\Users\1thea\.m2\repository\org\sonarsource\scanner\lib\sonar-scanner-java-library\3.1.1.261\sonar-scanner-java-library-3.1.1.261.jar;C:\Users\1thea\.m2\repository\com\squareup\okhttp3\okhttp\4.12.0\okhttp-4.12.0.jar;C:\Users\1thea\.m2\repository\com\squareup\okio\okio\3.6.0\okio-3.6.0.jar;C:\Users\1thea\.m2\repository\com\squareup\okio\okio-jvm\3.6.0\okio-jvm-3.6.0.jar;C:\Users\1thea\.m2\repository\org\jetbrains\kotlin\kotlin-stdlib-common\1.9.25\kotlin-stdlib-common-1.9.25.jar;C:\Users\1thea\.m2\repository\org\jetbrains\kotlin\kotlin-stdlib-jdk8\1.9.25\kotlin-stdlib-jdk8-1.9.25.jar;C:\Users\1thea\.m2\repository\org\jetbrains\kotlin\kotlin-stdlib\1.9.25\kotlin-stdlib-1.9.25.jar;C:\Users\1thea\.m2\repository\org\jetbrains\kotlin\kotlin-stdlib-jdk7\1.9.25\kotlin-stdlib-jdk7-1.9.25.jar;C:\Users\1thea\.m2\repository\com\squareup\okhttp3\okhttp-urlconnection\4.12.0\okhttp-urlconnection-4.12.0.jar;C:\Users\1thea\.m2\repository\com\squareup\okhttp3\logging-interceptor\4.12.0\logging-interceptor-4.12.0.jar;C:\Users\1thea\.m2\repository\com\google\code\gson\gson\2.11.0\gson-2.11.0.jar;C:\Users\1thea\.m2\repository\com\google\errorprone\error_prone_annotations\2.27.0\error_prone_annotations-2.27.0.jar;C:\Users\1thea\.m2\repository\org\apache\commons\commons-compress\1.27.1\commons-compress-1.27.1.jar;C:\Users\1thea\.m2\repository\commons-codec\commons-codec\1.17.2\commons-codec-1.17.2.jar;C:\Users\1thea\.m2\repository\org\sonarsource\scanner\lib\sonar-scanner-java-library-batch-interface\3.1.1.261\sonar-scanner-java-library-batch-interface-3.1.1.261.jar;C:\Users\1thea\.m2\repository\io\github\hakky54\sslcontext-kickstart\8.3.6\sslcontext-kickstart-8.3.6.jar;C:\Users\1thea\.m2\repository\org\bouncycastle\bcprov-jdk18on\1.78.1\bcprov-jdk18on-1.78.1.jar;C:\Users\1thea\.m2\repository\org\apache\commons\commons-lang3\3.17.0\commons-lang3-3.17.0.jar;C:\Users\1thea\.m2\repository\org\springframework\boot\spring-boot-starter-security\3.4.3\spring-boot-starter-security-3.4.3.jar;C:\Users\1thea\.m2\repository\org\springframework\boot\spring-boot-starter\3.4.3\spring-boot-starter-3.4.3.jar;C:\Users\1thea\.m2\repository\org\springframework\boot\spring-boot-starter-logging\3.4.3\spring-boot-starter-logging-3.4.3.jar;C:\Users\1thea\.m2\repository\ch\qos\logback\logback-classic\1.5.16\logback-classic-1.5.16.jar;C:\Users\1thea\.m2\repository\ch\qos\logback\logback-core\1.5.16\logback-core-1.5.16.jar;C:\Users\1thea\.m2\repository\org\apache\logging\log4j\log4j-to-slf4j\2.24.3\log4j-to-slf4j-2.24.3.jar;C:\Users\1thea\.m2\repository\org\apache\logging\log4j\log4j-api\2.24.3\log4j-api-2.24.3.jar;C:\Users\1thea\.m2\repository\org\slf4j\jul-to-slf4j\2.0.16\jul-to-slf4j-2.0.16.jar;C:\Users\1thea\.m2\repository\jakarta\annotation\jakarta.annotation-api\2.1.1\jakarta.annotation-api-2.1.1.jar;C:\Users\1thea\.m2\repository\org\yaml\snakeyaml\2.3\snakeyaml-2.3.jar;C:\Users\1thea\.m2\repository\org\springframework\spring-aop\6.2.3\spring-aop-6.2.3.jar;C:\Users\1thea\.m2\repository\org\springframework\spring-beans\6.2.3\spring-beans-6.2.3.jar;C:\Users\1thea\.m2\repository\org\springframework\security\spring-security-config\6.4.3\spring-security-config-6.4.3.jar;C:\Users\1thea\.m2\repository\org\springframework\security\spring-security-web\6.4.3\spring-security-web-6.4.3.jar;C:\Users\1thea\.m2\repository\org\springframework\spring-expression\6.2.3\spring-expression-6.2.3.jar;C:\Users\1thea\.m2\repository\nz\net\ultraq\thymeleaf\thymeleaf-layout-dialect\3.1.0\thymeleaf-layout-dialect-3.1.0.jar;C:\Users\1thea\.m2\repository\org\apache\groovy\groovy\4.0.25\groovy-4.0.25.jar;C:\Users\1thea\.m2\repository\nz\net\ultraq\groovy\groovy-extensions\2.0.0\groovy-extensions-2.0.0.jar;C:\Users\1thea\.m2\repository\nz\net\ultraq\thymeleaf\thymeleaf-expression-processor\3.1.0\thymeleaf-expression-processor-3.1.0.jar;C:\Users\1thea\.m2\repository\org\thymeleaf\thymeleaf\3.1.3.RELEASE\thymeleaf-3.1.3.RELEASE.jar;C:\Users\1thea\.m2\repository\ognl\ognl\3.3.4\ognl-3.3.4.jar;C:\Users\1thea\.m2\repository\org\javassist\javassist\3.29.0-GA\javassist-3.29.0-GA.jar;C:\Users\1thea\.m2\repository\org\attoparser\attoparser\2.0.7.RELEASE\attoparser-2.0.7.RELEASE.jar;C:\Users\1thea\.m2\repository\org\unbescape\unbescape\1.1.6.RELEASE\unbescape-1.1.6.RELEASE.jar;C:\Users\1thea\.m2\repository\org\springframework\boot\spring-boot-starter-thymeleaf\3.4.3\spring-boot-starter-thymeleaf-3.4.3.jar;C:\Users\1thea\.m2\repository\org\thymeleaf\thymeleaf-spring6\3.1.0.RELEASE\thymeleaf-spring6-3.1.0.RELEASE.jar;C:\Users\1thea\.m2\repository\org\slf4j\slf4j-api\2.0.16\slf4j-api-2.0.16.jar;C:\Users\1thea\.m2\repository\org\springframework\boot\spring-boot-starter-web\3.4.3\spring-boot-starter-web-3.4.3.jar;C:\Users\1thea\.m2\repository\org\springframework\boot\spring-boot-starter-json\3.4.3\spring-boot-starter-json-3.4.3.jar;C:\Users\1thea\.m2\repository\com\fasterxml\jackson\datatype\jackson-datatype-jdk8\2.18.2\jackson-datatype-jdk8-2.18.2.jar;C:\Users\1thea\.m2\repository\com\fasterxml\jackson\datatype\jackson-datatype-jsr310\2.18.2\jackson-datatype-jsr310-2.18.2.jar;C:\Users\1thea\.m2\repository\org\springframework\boot\spring-boot-starter-tomcat\3.4.3\spring-boot-starter-tomcat-3.4.3.jar;C:\Users\1thea\.m2\repository\org\apache\tomcat\embed\tomcat-embed-core\10.1.36\tomcat-embed-core-10.1.36.jar;C:\Users\1thea\.m2\repository\org\apache\tomcat\embed\tomcat-embed-el\10.1.36\tomcat-embed-el-10.1.36.jar;C:\Users\1thea\.m2\repository\org\apache\tomcat\embed\tomcat-embed-websocket\10.1.36\tomcat-embed-websocket-10.1.36.jar;C:\Users\1thea\.m2\repository\org\springframework\spring-web\6.2.3\spring-web-6.2.3.jar;C:\Users\1thea\.m2\repository\org\springframework\spring-webmvc\6.2.3\spring-webmvc-6.2.3.jar;C:\Users\1thea\.m2\repository\org\springframework\boot\spring-boot-starter-webflux\3.4.3\spring-boot-starter-webflux-3.4.3.jar;C:\Users\1thea\.m2\repository\org\springframework\boot\spring-boot-starter-reactor-netty\3.4.3\spring-boot-starter-reactor-netty-3.4.3.jar;C:\Users\1thea\.m2\repository\io\projectreactor\netty\reactor-netty-http\1.2.3\reactor-netty-http-1.2.3.jar;C:\Users\1thea\.m2\repository\io\netty\netty-codec-http\4.1.118.Final\netty-codec-http-4.1.118.Final.jar;C:\Users\1thea\.m2\repository\io\netty\netty-common\4.1.118.Final\netty-common-4.1.118.Final.jar;C:\Users\1thea\.m2\repository\io\netty\netty-buffer\4.1.118.Final\netty-buffer-4.1.118.Final.jar;C:\Users\1thea\.m2\repository\io\netty\netty-transport\4.1.118.Final\netty-transport-4.1.118.Final.jar;C:\Users\1thea\.m2\repository\io\netty\netty-codec\4.1.118.Final\netty-codec-4.1.118.Final.jar;C:\Users\1thea\.m2\repository\io\netty\netty-handler\4.1.118.Final\netty-handler-4.1.118.Final.jar;C:\Users\1thea\.m2\repository\io\netty\netty-codec-http2\4.1.118.Final\netty-codec-http2-4.1.118.Final.jar;C:\Users\1thea\.m2\repository\io\netty\netty-resolver-dns\4.1.118.Final\netty-resolver-dns-4.1.118.Final.jar;C:\Users\1thea\.m2\repository\io\netty\netty-resolver\4.1.118.Final\netty-resolver-4.1.118.Final.jar;C:\Users\1thea\.m2\repository\io\netty\netty-codec-dns\4.1.118.Final\netty-codec-dns-4.1.118.Final.jar;C:\Users\1thea\.m2\repository\io\netty\netty-resolver-dns-native-macos\4.1.118.Final\netty-resolver-dns-native-macos-4.1.118.Final-osx-x86_64.jar;C:\Users\1thea\.m2\repository\io\netty\netty-resolver-dns-classes-macos\4.1.118.Final\netty-resolver-dns-classes-macos-4.1.118.Final.jar;C:\Users\1thea\.m2\repository\io\netty\netty-transport-native-epoll\4.1.118.Final\netty-transport-native-epoll-4.1.118.Final-linux-x86_64.jar;C:\Users\1thea\.m2\repository\io\netty\netty-transport-native-unix-common\4.1.118.Final\netty-transport-native-unix-common-4.1.118.Final.jar;C:\Users\1thea\.m2\repository\io\netty\netty-transport-classes-epoll\4.1.118.Final\netty-transport-classes-epoll-4.1.118.Final.jar;C:\Users\1thea\.m2\repository\io\projectreactor\netty\reactor-netty-core\1.2.3\reactor-netty-core-1.2.3.jar;C:\Users\1thea\.m2\repository\io\netty\netty-handler-proxy\4.1.118.Final\netty-handler-proxy-4.1.118.Final.jar;C:\Users\1thea\.m2\repository\io\netty\netty-codec-socks\4.1.118.Final\netty-codec-socks-4.1.118.Final.jar;C:\Users\1thea\.m2\repository\org\springframework\spring-webflux\6.2.3\spring-webflux-6.2.3.jar;C:\Users\1thea\.m2\repository\org\springframework\session\spring-session-core\3.4.2\spring-session-core-3.4.2.jar;C:\Users\1thea\.m2\repository\org\springframework\spring-jcl\6.2.3\spring-jcl-6.2.3.jar;C:\Users\1thea\.m2\repository\org\thymeleaf\extras\thymeleaf-extras-springsecurity6\3.1.3.RELEASE\thymeleaf-extras-springsecurity6-3.1.3.RELEASE.jar;C:\Users\1thea\.m2\repository\org\springframework\boot\spring-boot-devtools\3.4.3\spring-boot-devtools-3.4.3.jar;C:\Users\1thea\.m2\repository\org\springframework\boot\spring-boot\3.4.3\spring-boot-3.4.3.jar;C:\Users\1thea\.m2\repository\org\springframework\boot\spring-boot-autoconfigure\3.4.3\spring-boot-autoconfigure-3.4.3.jar;C:\Users\1thea\.m2\repository\org\springframework\boot\spring-boot-docker-compose\3.4.3\spring-boot-docker-compose-3.4.3.jar;C:\Users\1thea\.m2\repository\com\fasterxml\jackson\core\jackson-databind\2.18.2\jackson-databind-2.18.2.jar;C:\Users\1thea\.m2\repository\com\fasterxml\jackson\core\jackson-core\2.18.2\jackson-core-2.18.2.jar;C:\Users\1thea\.m2\repository\com\fasterxml\jackson\module\jackson-module-parameter-names\2.18.2\jackson-module-parameter-names-2.18.2.jar;C:\Users\1thea\.m2\repository\org\springframework\boot\spring-boot-configuration-processor\3.4.3\spring-boot-configuration-processor-3.4.3.jar;C:\Users\1thea\.m2\repository\org\projectlombok\lombok\1.18.38\lombok-1.18.38.jar;C:\Users\1thea\.m2\repository\com\jayway\jsonpath\json-path\2.9.0\json-path-2.9.0.jar;C:\Users\1thea\.m2\repository\jakarta\xml\bind\jakarta.xml.bind-api\4.0.2\jakarta.xml.bind-api-4.0.2.jar;C:\Users\1thea\.m2\repository\jakarta\activation\jakarta.activation-api\2.1.3\jakarta.activation-api-2.1.3.jar;C:\Users\1thea\.m2\repository\net\minidev\json-smart\2.5.2\json-smart-2.5.2.jar;C:\Users\1thea\.m2\repository\net\minidev\accessors-smart\2.5.2\accessors-smart-2.5.2.jar;C:\Users\1thea\.m2\repository\net\bytebuddy\byte-buddy\1.15.11\byte-buddy-1.15.11.jar;C:\Users\1thea\.m2\repository\org\springframework\spring-core\6.2.3\spring-core-6.2.3.jar;C:\Users\1thea\.m2\repository\io\projectreactor\reactor-core\3.7.3\reactor-core-3.7.3.jar;C:\Users\1thea\.m2\repository\org\reactivestreams\reactive-streams\1.0.4\reactive-streams-1.0.4.jar;C:\Users\1thea\.m2\repository\org\springframework\security\spring-security-core\6.4.3\spring-security-core-6.4.3.jar;C:\Users\1thea\.m2\repository\org\springframework\security\spring-security-crypto\6.4.3\spring-security-crypto-6.4.3.jar;C:\Users\1thea\.m2\repository\org\springframework\boot\spring-boot-starter-data-jpa\3.4.3\spring-boot-starter-data-jpa-3.4.3.jar;C:\Users\1thea\.m2\repository\org\springframework\boot\spring-boot-starter-jdbc\3.4.3\spring-boot-starter-jdbc-3.4.3.jar;C:\Users\1thea\.m2\repository\com\zaxxer\HikariCP\5.1.0\HikariCP-5.1.0.jar;C:\Users\1thea\.m2\repository\org\springframework\spring-jdbc\6.2.3\spring-jdbc-6.2.3.jar;C:\Users\1thea\.m2\repository\org\hibernate\orm\hibernate-core\6.6.8.Final\hibernate-core-6.6.8.Final.jar;C:\Users\1thea\.m2\repository\jakarta\persistence\jakarta.persistence-api\3.1.0\jakarta.persistence-api-3.1.0.jar;C:\Users\1thea\.m2\repository\jakarta\transaction\jakarta.transaction-api\2.0.1\jakarta.transaction-api-2.0.1.jar;C:\Users\1thea\.m2\repository\org\jboss\logging\jboss-logging\3.6.1.Final\jboss-logging-3.6.1.Final.jar;C:\Users\1thea\.m2\repository\org\hibernate\common\hibernate-commons-annotations\7.0.3.Final\hibernate-commons-annotations-7.0.3.Final.jar;C:\Users\1thea\.m2\repository\io\smallrye\jandex\3.2.0\jandex-3.2.0.jar;C:\Users\1thea\.m2\repository\com\fasterxml\classmate\1.7.0\classmate-1.7.0.jar;C:\Users\1thea\.m2\repository\org\glassfish\jaxb\jaxb-runtime\4.0.5\jaxb-runtime-4.0.5.jar;C:\Users\1thea\.m2\repository\org\glassfish\jaxb\jaxb-core\4.0.5\jaxb-core-4.0.5.jar;C:\Users\1thea\.m2\repository\org\eclipse\angus\angus-activation\2.0.2\angus-activation-2.0.2.jar;C:\Users\1thea\.m2\repository\org\glassfish\jaxb\txw2\4.0.5\txw2-4.0.5.jar;C:\Users\1thea\.m2\repository\com\sun\istack\istack-commons-runtime\4.1.2\istack-commons-runtime-4.1.2.jar;C:\Users\1thea\.m2\repository\jakarta\inject\jakarta.inject-api\2.0.1\jakarta.inject-api-2.0.1.jar;C:\Users\1thea\.m2\repository\org\antlr\antlr4-runtime\4.13.0\antlr4-runtime-4.13.0.jar;C:\Users\1thea\.m2\repository\org\springframework\data\spring-data-jpa\3.4.3\spring-data-jpa-3.4.3.jar;C:\Users\1thea\.m2\repository\org\springframework\data\spring-data-commons\3.4.3\spring-data-commons-3.4.3.jar;C:\Users\1thea\.m2\repository\org\springframework\spring-orm\6.2.3\spring-orm-6.2.3.jar;C:\Users\1thea\.m2\repository\org\springframework\spring-tx\6.2.3\spring-tx-6.2.3.jar;C:\Users\1thea\.m2\repository\org\springframework\spring-aspects\6.2.3\spring-aspects-6.2.3.jar;C:\Users\1thea\.m2\repository\org\aspectj\aspectjweaver\1.9.22.1\aspectjweaver-1.9.22.1.jar;C:\Users\1thea\.m2\repository\com\mysql\mysql-connector-j\9.1.0\mysql-connector-j-9.1.0.jar;C:\Users\1thea\.m2\repository\org\jetbrains\annotations\17.0.0\annotations-17.0.0.jar;C:\Users\1thea\.m2\repository\net\java\dev\jna\jna\5.13.0\jna-5.13.0.jar;C:\Users\1thea\.m2\repository\org\springframework\boot\spring-boot-starter-actuator\3.4.3\spring-boot-starter-actuator-3.4.3.jar;C:\Users\1thea\.m2\repository\org\springframework\boot\spring-boot-actuator-autoconfigure\3.4.3\spring-boot-actuator-autoconfigure-3.4.3.jar;C:\Users\1thea\.m2\repository\org\springframework\boot\spring-boot-actuator\3.4.3\spring-boot-actuator-3.4.3.jar;C:\Users\1thea\.m2\repository\io\micrometer\micrometer-observation\1.14.4\micrometer-observation-1.14.4.jar;C:\Users\1thea\.m2\repository\io\micrometer\micrometer-commons\1.14.4\micrometer-commons-1.14.4.jar;C:\Users\1thea\.m2\repository\io\micrometer\micrometer-jakarta9\1.14.4\micrometer-jakarta9-1.14.4.jar;C:\Users\1thea\.m2\repository\io\micrometer\micrometer-core\1.14.4\micrometer-core-1.14.4.jar;C:\Users\1thea\.m2\repository\org\hdrhistogram\HdrHistogram\2.2.2\HdrHistogram-2.2.2.jar;C:\Users\1thea\.m2\repository\org\latencyutils\LatencyUtils\2.0.3\LatencyUtils-2.0.3.jar;C:\Users\1thea\.m2\repository\org\postgresql\postgresql\42.7.5\postgresql-42.7.5.jar;C:\Users\1thea\.m2\repository\org\checkerframework\checker-qual\3.48.3\checker-qual-3.48.3.jar;C:\Users\1thea\.m2\repository\org\springframework\boot\spring-boot-maven-plugin\3.4.3\spring-boot-maven-plugin-3.4.3.jar;C:\Users\1thea\.m2\repository\org\springframework\boot\spring-boot-buildpack-platform\3.4.3\spring-boot-buildpack-platform-3.4.3.jar;C:\Users\1thea\.m2\repository\net\java\dev\jna\jna-platform\5.13.0\jna-platform-5.13.0.jar;C:\Users\1thea\.m2\repository\org\apache\httpcomponents\client5\httpclient5\5.4.2\httpclient5-5.4.2.jar;C:\Users\1thea\.m2\repository\org\apache\httpcomponents\core5\httpcore5\5.3.3\httpcore5-5.3.3.jar;C:\Users\1thea\.m2\repository\org\apache\httpcomponents\core5\httpcore5-h2\5.3.3\httpcore5-h2-5.3.3.jar;C:\Users\1thea\.m2\repository\org\tomlj\tomlj\1.0.0\tomlj-1.0.0.jar;C:\Users\1thea\.m2\repository\com\google\code\findbugs\jsr305\3.0.2\jsr305-3.0.2.jar;C:\Users\1thea\.m2\repository\org\springframework\boot\spring-boot-loader-tools\3.4.3\spring-boot-loader-tools-3.4.3.jar;C:\Users\1thea\.m2\repository\org\apache\maven\shared\maven-common-artifact-filters\3.3.2\maven-common-artifact-filters-3.3.2.jar;C:\Users\1thea\.m2\repository\org\sonatype\plexus\plexus-build-api\0.0.7\plexus-build-api-0.0.7.jar;C:\Users\1thea\.m2\repository\org\springframework\spring-context\6.2.3\spring-context-6.2.3.jar;C:\Users\1thea\.m2\repository\org\jacoco\jacoco-maven-plugin\0.8.13\jacoco-maven-plugin-0.8.13.jar;C:\Users\1thea\.m2\repository\org\codehaus\plexus\plexus-utils\3.0.24\plexus-utils-3.0.24.jar;C:\Users\1thea\.m2\repository\org\apache\maven\shared\file-management\3.1.0\file-management-3.1.0.jar;C:\Users\1thea\.m2\repository\commons-io\commons-io\2.11.0\commons-io-2.11.0.jar;C:\Users\1thea\.m2\repository\org\apache\maven\reporting\maven-reporting-api\3.0\maven-reporting-api-3.0.jar;C:\Users\1thea\.m2\repository\org\apache\maven\doxia\doxia-sink-api\1.0\doxia-sink-api-1.0.jar;C:\Users\1thea\.m2\repository\org\jacoco\org.jacoco.agent\0.8.13\org.jacoco.agent-0.8.13-runtime.jar;C:\Users\1thea\.m2\repository\org\jacoco\org.jacoco.core\0.8.13\org.jacoco.core-0.8.13.jar;C:\Users\1thea\.m2\repository\org\ow2\asm\asm\9.8\asm-9.8.jar;C:\Users\1thea\.m2\repository\org\ow2\asm\asm-commons\9.8\asm-commons-9.8.jar;C:\Users\1thea\.m2\repository\org\ow2\asm\asm-tree\9.8\asm-tree-9.8.jar;C:\Users\1thea\.m2\repository\org\jacoco\org.jacoco.report\0.8.13\org.jacoco.report-0.8.13.jar;C:\Users\1thea\.m2\repository\org\modelmapper\modelmapper\2.4.4\modelmapper-2.4.4.jar
Launcher Type: SUN_STANDARD

[Global flags]
     intx CICompilerCount                          = 12                                        {product} {ergonomic}
     uint ConcGCThreads                            = 3                                         {product} {ergonomic}
     bool FlightRecorder                           = true                                      {product} {management}
     uint G1ConcRefinementThreads                  = 13                                        {product} {ergonomic}
   size_t G1HeapRegionSize                         = 2097152                                   {product} {ergonomic}
   size_t InitialHeapSize                          = 257949696                                 {product} {ergonomic}
     bool ManagementServer                         = true                                      {product} {command line}
   size_t MarkStackSize                            = 4194304                                   {product} {ergonomic}
   size_t MarkStackSizeMax                         = 536870912                                 {product} {ergonomic}
   size_t MaxHeapSize                              = 4120903680                                {product} {ergonomic}
   size_t MaxNewSize                               = 2472542208                                {product} {ergonomic}
   size_t MinHeapDeltaBytes                        = 2097152                                   {product} {ergonomic}
   size_t MinHeapSize                              = 8388608                                   {product} {ergonomic}
    uintx NonNMethodCodeHeapSize                   = 4096                                   {pd product} {ergonomic}
    uintx NonProfiledCodeHeapSize                  = 0                                      {pd product} {ergonomic}
     bool ProfileInterpreter                       = false                                  {pd product} {command line}
    uintx ProfiledCodeHeapSize                     = 0                                      {pd product} {ergonomic}
   size_t SoftMaxHeapSize                          = 4120903680                             {manageable} {ergonomic}
     intx TieredStopAtLevel                        = 1                                         {product} {command line}
     bool UseCompressedOops                        = true                           {product lp64_product} {ergonomic}
     bool UseG1GC                                  = true                                      {product} {ergonomic}
     bool UseLargePagesIndividualAllocation        = false                                  {pd product} {ergonomic}

Logging:
Log output configuration:
 #0: stdout all=warning uptime,level,tags foldmultilines=false
 #1: stderr all=off uptime,level,tags foldmultilines=false

Environment Variables:
PATH=C:\Program Files\Common Files\Oracle\Java\javapath;C:\Program Files (x86)\Common Files\Oracle\Java\javapath;C:\windows\system32;C:\windows;C:\windows\System32\Wbem;C:\windows\System32\WindowsPowerShell\v1.0\;C:\windows\System32\OpenSSH\;C:\Program Files (x86)\NVIDIA Corporation\PhysX\Common;C:\Program Files\NVIDIA Corporation\NVIDIA NvDLISR;C:\WINDOWS\system32;C:\WINDOWS;C:\WINDOWS\System32\Wbem;C:\WINDOWS\System32\WindowsPowerShell\v1.0\;C:\WINDOWS\System32\OpenSSH\;C:\Users\1thea\AutoFirma\AutoFirma;C:\Program Files\Docker\Docker\resources\bin;C:\Program Files\Microsoft SQL Server\150\Tools\Binn\;C:\Program Files\dotnet\;C:\Program Files\nodejs\;C:\Program Files\Git\cmd;C:\Program Files\MySQL\MySQL Shell 8.0\bin\;C:\Users\1thea\AppData\Local\Programs\Python\Python310\Scripts\;C:\Users\1thea\AppData\Local\Programs\Python\Python310\;C:\Users\1thea\AppData\Local\Microsoft\WindowsApps;C:\Users\1thea\AppData\Local\Programs\Microsoft VS Code\bin;C:\Users\1thea\PyCharm Community Edition 2022.2.3\bin;;C:\Users\1thea\.dotnet\tools;C:\Users\1thea\AppData\Roaming\npm;C:\Program Files\JetBrains\IntelliJ IDEA Community Edition 2024.3.2.2\bin;;C:\Program Files\JetBrains\IntelliJ IDEA 2024.3.2.2\bin;
USERNAME=ayah
OS=Windows_NT
PROCESSOR_IDENTIFIER=AMD64 Family 25 Model 80 Stepping 0, AuthenticAMD
TMP=C:\Users\1thea\AppData\Local\Temp
TEMP=C:\Users\1thea\AppData\Local\Temp




Periodic native trim disabled

---------------  S Y S T E M  ---------------

OS:
 Windows 11 , 64 bit Build 26100 (10.0.26100.3912)
OS uptime: 2 days 9:00 hours
Hyper-V role detected

CPU: total 16 (initial active 16) (16 cores per cpu, 2 threads per core) family 25 model 80 stepping 0 microcode 0xa50000d, cx8, cmov, fxsr, ht, mmx, 3dnowpref, sse, sse2, sse3, ssse3, sse4a, sse4.1, sse4.2, popcnt, lzcnt, tsc, tscinvbit, avx, avx2, aes, erms, clmul, bmi1, bmi2, adx, sha, fma, vzeroupper, clflush, clflushopt, hv, rdtscp, rdpid, fsrm, f16c, cet_ss
Processor Information for processor 0
  Max Mhz: 3201, Current Mhz: 3201, Mhz Limit: 3201
Processor Information for processor 1
  Max Mhz: 3201, Current Mhz: 1802, Mhz Limit: 3201
Processor Information for processor 2
  Max Mhz: 3201, Current Mhz: 3201, Mhz Limit: 3201
Processor Information for processor 3
  Max Mhz: 3201, Current Mhz: 3201, Mhz Limit: 3201
Processor Information for processor 4
  Max Mhz: 3201, Current Mhz: 3201, Mhz Limit: 3201
Processor Information for processor 5
  Max Mhz: 3201, Current Mhz: 3201, Mhz Limit: 3201
Processor Information for processor 6
  Max Mhz: 3201, Current Mhz: 3201, Mhz Limit: 3201
Processor Information for processor 7
  Max Mhz: 3201, Current Mhz: 3201, Mhz Limit: 3201
Processor Information for processor 8
  Max Mhz: 3201, Current Mhz: 1802, Mhz Limit: 3201
Processor Information for processor 9
  Max Mhz: 3201, Current Mhz: 3201, Mhz Limit: 3201
Processor Information for processor 10
  Max Mhz: 3201, Current Mhz: 1802, Mhz Limit: 3201
Processor Information for processor 11
  Max Mhz: 3201, Current Mhz: 1802, Mhz Limit: 3201
Processor Information for processor 12
  Max Mhz: 3201, Current Mhz: 1802, Mhz Limit: 3201
Processor Information for processor 13
  Max Mhz: 3201, Current Mhz: 1802, Mhz Limit: 3201
Processor Information for processor 14
  Max Mhz: 3201, Current Mhz: 1802, Mhz Limit: 3201
Processor Information for processor 15
  Max Mhz: 3201, Current Mhz: 1802, Mhz Limit: 3201

Memory: 4k page, system-wide physical 15713M (1419M free)
TotalPageFile size 51464M (AvailPageFile size 23090M)
current process WorkingSet (physical memory assigned to process): 88M, peak: 88M
current process commit charge ("private bytes"): 388M, peak: 388M

vm_info: OpenJDK 64-Bit Server VM (24.0.1+9-30) for windows-amd64 JRE (24.0.1+9-30), built on 2025-03-05T07:23:45Z with MS VC++ 17.6 (VS2022)

END.
